[2017-03-08 22:03:05.384] [INFO] pomelo - [32m[/mnt/hgfs/server/game-server/node_modules/pomelo/lib/application.js] [39mapplication inited: "db-server-1"
[2017-03-08 22:03:21.855] [INFO] pomelo - [32m[/mnt/hgfs/server/game-server/node_modules/pomelo/lib/application.js] [39mapplication inited: "db-server-1"
[2017-03-08 22:05:17.904] [INFO] pomelo - [32m[/mnt/hgfs/server/game-server/node_modules/pomelo/lib/application.js] [39mapplication inited: "db-server-1"
[2017-03-08 22:05:18.924] [INFO] pomelo - [32m[/mnt/hgfs/server/game-server/node_modules/pomelo/lib/application.js] [39m"db-server-1" enter after start...
[2017-03-08 22:05:18.924] [INFO] pomelo - [32m[/mnt/hgfs/server/game-server/node_modules/pomelo/lib/application.js] [39m"db-server-1" finish start
[2017-03-08 22:05:18.924] [INFO] pomelo - [32m[/mnt/hgfs/server/game-server/node_modules/pomelo/lib/application.js] [39m"db-server-1" startup in 1016 ms
[2017-03-08 22:05:52.139] [INFO] pomelo - [32m[/mnt/hgfs/server/game-server/node_modules/pomelo/lib/application.js] [39mapplication inited: "db-server-1"
[2017-03-08 22:05:52.992] [INFO] pomelo - [32m[/mnt/hgfs/server/game-server/node_modules/pomelo/lib/application.js] [39m"db-server-1" enter after start...
[2017-03-08 22:05:52.993] [INFO] pomelo - [32m[/mnt/hgfs/server/game-server/node_modules/pomelo/lib/application.js] [39m"db-server-1" finish start
[2017-03-08 22:05:52.993] [INFO] pomelo - [32m[/mnt/hgfs/server/game-server/node_modules/pomelo/lib/application.js] [39m"db-server-1" startup in 852 ms
[2017-03-08 22:08:15.413] [INFO] pomelo - [32m[/mnt/hgfs/server/game-server/node_modules/pomelo/lib/application.js] [39mapplication inited: "db-server-1"
[2017-03-08 22:08:16.133] [INFO] pomelo - [32m[/mnt/hgfs/server/game-server/node_modules/pomelo/lib/application.js] [39m"db-server-1" enter after start...
[2017-03-08 22:08:16.133] [INFO] pomelo - [32m[/mnt/hgfs/server/game-server/node_modules/pomelo/lib/application.js] [39m"db-server-1" finish start
[2017-03-08 22:08:16.134] [INFO] pomelo - [32m[/mnt/hgfs/server/game-server/node_modules/pomelo/lib/application.js] [39m"db-server-1" startup in 717 ms
[2017-03-08 22:09:21.160] [INFO] pomelo - [32m[/mnt/hgfs/server/game-server/node_modules/pomelo/lib/application.js] [39mapplication inited: "db-server-1"
[2017-03-08 22:09:22.089] [INFO] pomelo - [32m[/mnt/hgfs/server/game-server/node_modules/pomelo/lib/application.js] [39m"db-server-1" enter after start...
[2017-03-08 22:09:22.089] [INFO] pomelo - [32m[/mnt/hgfs/server/game-server/node_modules/pomelo/lib/application.js] [39m"db-server-1" finish start
[2017-03-08 22:09:22.089] [INFO] pomelo - [32m[/mnt/hgfs/server/game-server/node_modules/pomelo/lib/application.js] [39m"db-server-1" startup in 925 ms
[2017-03-08 22:35:30.348] [INFO] pomelo - [32m[/mnt/hgfs/server/game-server/node_modules/pomelo/lib/application.js] [39mapplication inited: "db-server-1"
[2017-03-08 22:35:31.719] [INFO] pomelo - [32m[/mnt/hgfs/server/game-server/node_modules/pomelo/lib/application.js] [39m"db-server-1" enter after start...
[2017-03-08 22:35:31.720] [INFO] pomelo - [32m[/mnt/hgfs/server/game-server/node_modules/pomelo/lib/application.js] [39m"db-server-1" finish start
[2017-03-08 22:35:31.720] [INFO] pomelo - [32m[/mnt/hgfs/server/game-server/node_modules/pomelo/lib/application.js] [39m"db-server-1" startup in 1370 ms
[2017-03-08 22:35:54.443] [INFO] pomelo - [32m[/mnt/hgfs/server/game-server/node_modules/pomelo/lib/application.js] [39mapplication inited: "db-server-1"
[2017-03-08 22:35:55.783] [INFO] pomelo - [32m[/mnt/hgfs/server/game-server/node_modules/pomelo/lib/application.js] [39m"db-server-1" enter after start...
[2017-03-08 22:35:55.783] [INFO] pomelo - [32m[/mnt/hgfs/server/game-server/node_modules/pomelo/lib/application.js] [39m"db-server-1" finish start
[2017-03-08 22:35:55.783] [INFO] pomelo - [32m[/mnt/hgfs/server/game-server/node_modules/pomelo/lib/application.js] [39m"db-server-1" startup in 1338 ms
[2017-03-08 22:37:42.067] [INFO] pomelo - [32m[/mnt/hgfs/server/game-server/node_modules/pomelo/lib/application.js] [39mapplication inited: "db-server-1"
[2017-03-08 22:37:43.435] [INFO] pomelo - [32m[/mnt/hgfs/server/game-server/node_modules/pomelo/lib/application.js] [39m"db-server-1" enter after start...
[2017-03-08 22:37:43.435] [INFO] pomelo - [32m[/mnt/hgfs/server/game-server/node_modules/pomelo/lib/application.js] [39m"db-server-1" finish start
[2017-03-08 22:37:43.436] [INFO] pomelo - [32m[/mnt/hgfs/server/game-server/node_modules/pomelo/lib/application.js] [39m"db-server-1" startup in 1366 ms
[2017-03-08 22:38:56.526] [INFO] pomelo - [32m[/mnt/hgfs/server/game-server/node_modules/pomelo/lib/application.js] [39mapplication inited: "db-server-1"
[2017-03-08 22:38:58.035] [INFO] pomelo - [32m[/mnt/hgfs/server/game-server/node_modules/pomelo/lib/application.js] [39m"db-server-1" enter after start...
[2017-03-08 22:38:58.036] [INFO] pomelo - [32m[/mnt/hgfs/server/game-server/node_modules/pomelo/lib/application.js] [39m"db-server-1" finish start
[2017-03-08 22:38:58.036] [INFO] pomelo - [32m[/mnt/hgfs/server/game-server/node_modules/pomelo/lib/application.js] [39m"db-server-1" startup in 1507 ms
[2017-03-08 22:39:41.480] [INFO] pomelo - [32m[/mnt/hgfs/server/game-server/node_modules/pomelo/lib/application.js] [39mapplication inited: "db-server-1"
[2017-03-08 22:39:42.800] [INFO] pomelo - [32m[/mnt/hgfs/server/game-server/node_modules/pomelo/lib/application.js] [39m"db-server-1" enter after start...
[2017-03-08 22:39:42.801] [INFO] pomelo - [32m[/mnt/hgfs/server/game-server/node_modules/pomelo/lib/application.js] [39m"db-server-1" finish start
[2017-03-08 22:39:42.801] [INFO] pomelo - [32m[/mnt/hgfs/server/game-server/node_modules/pomelo/lib/application.js] [39m"db-server-1" startup in 1314 ms
[2017-03-08 22:40:22.328] [INFO] pomelo - [32m[/mnt/hgfs/server/game-server/node_modules/pomelo/lib/application.js] [39mapplication inited: "db-server-1"
[2017-03-08 22:40:23.389] [INFO] pomelo - [32m[/mnt/hgfs/server/game-server/node_modules/pomelo/lib/application.js] [39m"db-server-1" enter after start...
[2017-03-08 22:40:23.394] [INFO] pomelo - [32m[/mnt/hgfs/server/game-server/node_modules/pomelo/lib/application.js] [39m"db-server-1" finish start
[2017-03-08 22:40:23.394] [INFO] pomelo - [32m[/mnt/hgfs/server/game-server/node_modules/pomelo/lib/application.js] [39m"db-server-1" startup in 1059 ms
[2017-03-08 22:42:30.610] [INFO] pomelo - [32m[/mnt/hgfs/server/game-server/node_modules/pomelo/lib/application.js] [39mapplication inited: "db-server-1"
[2017-03-08 22:42:31.880] [INFO] pomelo - [32m[/mnt/hgfs/server/game-server/node_modules/pomelo/lib/application.js] [39m"db-server-1" enter after start...
[2017-03-08 22:42:31.880] [INFO] pomelo - [32m[/mnt/hgfs/server/game-server/node_modules/pomelo/lib/application.js] [39m"db-server-1" finish start
[2017-03-08 22:42:31.880] [INFO] pomelo - [32m[/mnt/hgfs/server/game-server/node_modules/pomelo/lib/application.js] [39m"db-server-1" startup in 1252 ms
[2017-03-08 22:43:37.614] [INFO] pomelo - [32m[/mnt/hgfs/server/game-server/node_modules/pomelo/lib/application.js] [39mapplication inited: "db-server-1"
[2017-03-08 22:43:38.948] [INFO] pomelo - [32m[/mnt/hgfs/server/game-server/node_modules/pomelo/lib/application.js] [39m"db-server-1" enter after start...
[2017-03-08 22:43:38.948] [INFO] pomelo - [32m[/mnt/hgfs/server/game-server/node_modules/pomelo/lib/application.js] [39m"db-server-1" finish start
[2017-03-08 22:43:38.949] [INFO] pomelo - [32m[/mnt/hgfs/server/game-server/node_modules/pomelo/lib/application.js] [39m"db-server-1" startup in 1317 ms
[2017-03-08 22:44:18.461] [INFO] pomelo - [32m[/mnt/hgfs/server/game-server/node_modules/pomelo/lib/application.js] [39mapplication inited: "db-server-1"
[2017-03-08 22:44:19.845] [INFO] pomelo - [32m[/mnt/hgfs/server/game-server/node_modules/pomelo/lib/application.js] [39m"db-server-1" enter after start...
[2017-03-08 22:44:19.846] [INFO] pomelo - [32m[/mnt/hgfs/server/game-server/node_modules/pomelo/lib/application.js] [39m"db-server-1" finish start
[2017-03-08 22:44:19.846] [INFO] pomelo - [32m[/mnt/hgfs/server/game-server/node_modules/pomelo/lib/application.js] [39m"db-server-1" startup in 1378 ms
[2017-03-08 22:44:48.028] [INFO] pomelo - [32m[/mnt/hgfs/server/game-server/node_modules/pomelo/lib/application.js] [39mapplication inited: "db-server-1"
[2017-03-08 22:44:49.324] [INFO] pomelo - [32m[/mnt/hgfs/server/game-server/node_modules/pomelo/lib/application.js] [39m"db-server-1" enter after start...
[2017-03-08 22:44:49.325] [INFO] pomelo - [32m[/mnt/hgfs/server/game-server/node_modules/pomelo/lib/application.js] [39m"db-server-1" finish start
[2017-03-08 22:44:49.325] [INFO] pomelo - [32m[/mnt/hgfs/server/game-server/node_modules/pomelo/lib/application.js] [39m"db-server-1" startup in 1291 ms
[2017-03-08 22:45:19.447] [INFO] pomelo - [32m[/mnt/hgfs/server/game-server/node_modules/pomelo/lib/application.js] [39mapplication inited: "db-server-1"
[2017-03-08 22:45:20.846] [INFO] pomelo - [32m[/mnt/hgfs/server/game-server/node_modules/pomelo/lib/application.js] [39m"db-server-1" enter after start...
[2017-03-08 22:45:20.847] [INFO] pomelo - [32m[/mnt/hgfs/server/game-server/node_modules/pomelo/lib/application.js] [39m"db-server-1" finish start
[2017-03-08 22:45:20.847] [INFO] pomelo - [32m[/mnt/hgfs/server/game-server/node_modules/pomelo/lib/application.js] [39m"db-server-1" startup in 1375 ms
[2017-08-05 00:01:03.889] [INFO] pomelo - [32m[/home/roo/Downloads/cccGame-master/server/game-server/node_modules/pomelo/lib/application.js] [39mapplication inited: "db-server-1"
[2017-08-05 00:01:04.348] [INFO] pomelo - [32m[/home/roo/Downloads/cccGame-master/server/game-server/node_modules/pomelo/lib/application.js] [39m"db-server-1" enter after start...
[2017-08-05 00:01:04.348] [INFO] pomelo - [32m[/home/roo/Downloads/cccGame-master/server/game-server/node_modules/pomelo/lib/application.js] [39m"db-server-1" finish start
[2017-08-05 00:01:04.351] [INFO] pomelo - [32m[/home/roo/Downloads/cccGame-master/server/game-server/node_modules/pomelo/lib/application.js] [39m"db-server-1" startup in 458 ms
[2017-08-05 00:11:16.420] [INFO] pomelo - [32m[/home/roo/Downloads/cccGame-master/server/game-server/node_modules/pomelo/lib/application.js] [39mapplication inited: "db-server-1"
[2017-08-05 00:11:16.827] [INFO] pomelo - [32m[/home/roo/Downloads/cccGame-master/server/game-server/node_modules/pomelo/lib/application.js] [39m"db-server-1" enter after start...
[2017-08-05 00:11:16.828] [INFO] pomelo - [32m[/home/roo/Downloads/cccGame-master/server/game-server/node_modules/pomelo/lib/application.js] [39m"db-server-1" finish start
[2017-08-05 00:11:16.831] [INFO] pomelo - [32m[/home/roo/Downloads/cccGame-master/server/game-server/node_modules/pomelo/lib/application.js] [39m"db-server-1" startup in 407 ms
[2017-08-05 00:11:39.541] [INFO] pomelo - [32m[/home/roo/Downloads/cccGame-master/server/game-server/node_modules/pomelo/lib/application.js] [39mapplication inited: "db-server-1"
[2017-08-05 00:11:40.211] [INFO] pomelo - [32m[/home/roo/Downloads/cccGame-master/server/game-server/node_modules/pomelo/lib/application.js] [39m"db-server-1" enter after start...
[2017-08-05 00:11:40.212] [INFO] pomelo - [32m[/home/roo/Downloads/cccGame-master/server/game-server/node_modules/pomelo/lib/application.js] [39m"db-server-1" finish start
[2017-08-05 00:11:40.215] [INFO] pomelo - [32m[/home/roo/Downloads/cccGame-master/server/game-server/node_modules/pomelo/lib/application.js] [39m"db-server-1" startup in 639 ms
[2017-08-05 00:13:53.827] [INFO] pomelo - [32m[/home/roo/Downloads/cccGame-master/server/game-server/node_modules/pomelo/lib/application.js] [39mapplication inited: "db-server-1"
[2017-08-05 00:13:54.486] [INFO] pomelo - [32m[/home/roo/Downloads/cccGame-master/server/game-server/node_modules/pomelo/lib/application.js] [39m"db-server-1" enter after start...
[2017-08-05 00:13:54.487] [INFO] pomelo - [32m[/home/roo/Downloads/cccGame-master/server/game-server/node_modules/pomelo/lib/application.js] [39m"db-server-1" finish start
[2017-08-05 00:13:54.491] [INFO] pomelo - [32m[/home/roo/Downloads/cccGame-master/server/game-server/node_modules/pomelo/lib/application.js] [39m"db-server-1" startup in 659 ms
[2017-08-05 00:40:15.961] [INFO] pomelo - [32m[/home/roo/Downloads/cccGame-master/server/game-server/node_modules/pomelo/lib/application.js] [39mapplication inited: "db-server-1"
[2017-08-05 00:40:16.588] [INFO] pomelo - [32m[/home/roo/Downloads/cccGame-master/server/game-server/node_modules/pomelo/lib/application.js] [39m"db-server-1" enter after start...
[2017-08-05 00:40:16.588] [INFO] pomelo - [32m[/home/roo/Downloads/cccGame-master/server/game-server/node_modules/pomelo/lib/application.js] [39m"db-server-1" finish start
[2017-08-05 00:40:16.592] [INFO] pomelo - [32m[/home/roo/Downloads/cccGame-master/server/game-server/node_modules/pomelo/lib/application.js] [39m"db-server-1" startup in 604 ms
[2017-08-05 00:42:02.429] [INFO] pomelo - [32m[/home/roo/Downloads/cccGame-master/server/game-server/node_modules/pomelo/lib/application.js] [39mapplication inited: "db-server-1"
[2017-08-05 00:42:03.171] [INFO] pomelo - [32m[/home/roo/Downloads/cccGame-master/server/game-server/node_modules/pomelo/lib/application.js] [39m"db-server-1" enter after start...
[2017-08-05 00:42:03.172] [INFO] pomelo - [32m[/home/roo/Downloads/cccGame-master/server/game-server/node_modules/pomelo/lib/application.js] [39m"db-server-1" finish start
[2017-08-05 00:42:03.175] [INFO] pomelo - [32m[/home/roo/Downloads/cccGame-master/server/game-server/node_modules/pomelo/lib/application.js] [39m"db-server-1" startup in 741 ms
[2017-08-05 00:43:34.970] [INFO] pomelo - [32m[/home/roo/Downloads/cccGame-master/server/game-server/node_modules/pomelo/lib/application.js] [39mapplication inited: "db-server-1"
[2017-08-05 00:43:35.701] [INFO] pomelo - [32m[/home/roo/Downloads/cccGame-master/server/game-server/node_modules/pomelo/lib/application.js] [39m"db-server-1" enter after start...
[2017-08-05 00:43:35.702] [INFO] pomelo - [32m[/home/roo/Downloads/cccGame-master/server/game-server/node_modules/pomelo/lib/application.js] [39m"db-server-1" finish start
[2017-08-05 00:43:35.705] [INFO] pomelo - [32m[/home/roo/Downloads/cccGame-master/server/game-server/node_modules/pomelo/lib/application.js] [39m"db-server-1" startup in 698 ms
[2017-08-05 00:45:01.985] [INFO] pomelo - [32m[/home/roo/Downloads/cccGame-master/server/game-server/node_modules/pomelo/lib/application.js] [39mapplication inited: "db-server-1"
[2017-08-05 00:45:02.927] [INFO] pomelo - [32m[/home/roo/Downloads/cccGame-master/server/game-server/node_modules/pomelo/lib/application.js] [39m"db-server-1" enter after start...
[2017-08-05 00:45:02.928] [INFO] pomelo - [32m[/home/roo/Downloads/cccGame-master/server/game-server/node_modules/pomelo/lib/application.js] [39m"db-server-1" finish start
[2017-08-05 00:45:02.931] [INFO] pomelo - [32m[/home/roo/Downloads/cccGame-master/server/game-server/node_modules/pomelo/lib/application.js] [39m"db-server-1" startup in 939 ms
[2017-08-05 00:47:11.994] [INFO] pomelo - [32m[/home/roo/Downloads/cccGame-master/server/game-server/node_modules/pomelo/lib/application.js] [39mapplication inited: "db-server-1"
[2017-08-05 00:47:12.564] [INFO] pomelo - [32m[/home/roo/Downloads/cccGame-master/server/game-server/node_modules/pomelo/lib/application.js] [39m"db-server-1" enter after start...
[2017-08-05 00:47:12.564] [INFO] pomelo - [32m[/home/roo/Downloads/cccGame-master/server/game-server/node_modules/pomelo/lib/application.js] [39m"db-server-1" finish start
[2017-08-05 00:47:12.566] [INFO] pomelo - [32m[/home/roo/Downloads/cccGame-master/server/game-server/node_modules/pomelo/lib/application.js] [39m"db-server-1" startup in 568 ms
[2017-08-05 00:51:22.782] [INFO] pomelo - [32m[/home/roo/Downloads/cccGame-master/server/game-server/node_modules/pomelo/lib/application.js] [39mapplication inited: "db-server-1"
[2017-08-05 00:51:23.340] [INFO] pomelo - [32m[/home/roo/Downloads/cccGame-master/server/game-server/node_modules/pomelo/lib/application.js] [39m"db-server-1" enter after start...
[2017-08-05 00:51:23.341] [INFO] pomelo - [32m[/home/roo/Downloads/cccGame-master/server/game-server/node_modules/pomelo/lib/application.js] [39m"db-server-1" finish start
[2017-08-05 00:51:23.344] [INFO] pomelo - [32m[/home/roo/Downloads/cccGame-master/server/game-server/node_modules/pomelo/lib/application.js] [39m"db-server-1" startup in 535 ms
[2017-08-05 00:53:56.832] [INFO] pomelo - [32m[/home/roo/Downloads/cccGame-master/server/game-server/node_modules/pomelo/lib/application.js] [39mapplication inited: "db-server-1"
[2017-08-05 00:53:57.695] [INFO] pomelo - [32m[/home/roo/Downloads/cccGame-master/server/game-server/node_modules/pomelo/lib/application.js] [39m"db-server-1" enter after start...
[2017-08-05 00:53:57.696] [INFO] pomelo - [32m[/home/roo/Downloads/cccGame-master/server/game-server/node_modules/pomelo/lib/application.js] [39m"db-server-1" finish start
[2017-08-05 00:53:57.701] [INFO] pomelo - [32m[/home/roo/Downloads/cccGame-master/server/game-server/node_modules/pomelo/lib/application.js] [39m"db-server-1" startup in 850 ms
[2017-08-05 00:54:25.081] [INFO] pomelo - [32m[/home/roo/Downloads/cccGame-master/server/game-server/node_modules/pomelo/lib/application.js] [39mapplication inited: "db-server-1"
[2017-08-05 00:54:25.731] [INFO] pomelo - [32m[/home/roo/Downloads/cccGame-master/server/game-server/node_modules/pomelo/lib/application.js] [39m"db-server-1" enter after start...
[2017-08-05 00:54:25.732] [INFO] pomelo - [32m[/home/roo/Downloads/cccGame-master/server/game-server/node_modules/pomelo/lib/application.js] [39m"db-server-1" finish start
[2017-08-05 00:54:25.735] [INFO] pomelo - [32m[/home/roo/Downloads/cccGame-master/server/game-server/node_modules/pomelo/lib/application.js] [39m"db-server-1" startup in 614 ms
