[2017-08-05 00:01:03.845] [INFO] pomelo - [32m[/home/roo/Downloads/cccGame-master/server/game-server/node_modules/pomelo/lib/application.js] [39mapplication inited: "niuniu-server-1"
[2017-08-05 00:01:04.331] [INFO] pomelo - [32m[/home/roo/Downloads/cccGame-master/server/game-server/node_modules/pomelo/lib/application.js] [39m"niuniu-server-1" enter after start...
[2017-08-05 00:01:04.332] [INFO] pomelo - [32m[/home/roo/Downloads/cccGame-master/server/game-server/node_modules/pomelo/lib/application.js] [39m"niuniu-server-1" finish start
[2017-08-05 00:01:04.335] [INFO] pomelo - [32m[/home/roo/Downloads/cccGame-master/server/game-server/node_modules/pomelo/lib/application.js] [39m"niuniu-server-1" startup in 488 ms
[2017-08-05 00:03:08.626] [INFO] pomelo - [32m[/home/roo/Downloads/cccGame-master/server/game-server/node_modules/pomelo/lib/application.js] [39mapplication inited: "niuniu-server-1"
[2017-08-05 00:03:08.952] [INFO] pomelo - [32m[/home/roo/Downloads/cccGame-master/server/game-server/node_modules/pomelo/lib/application.js] [39m"niuniu-server-1" enter after start...
[2017-08-05 00:03:08.953] [INFO] pomelo - [32m[/home/roo/Downloads/cccGame-master/server/game-server/node_modules/pomelo/lib/application.js] [39m"niuniu-server-1" finish start
[2017-08-05 00:03:08.956] [INFO] pomelo - [32m[/home/roo/Downloads/cccGame-master/server/game-server/node_modules/pomelo/lib/application.js] [39m"niuniu-server-1" startup in 305 ms
[2017-08-05 00:03:56.451] [INFO] pomelo - [32m[/home/roo/Downloads/cccGame-master/server/game-server/node_modules/pomelo/lib/application.js] [39mapplication inited: "niuniu-server-1"
[2017-08-05 00:03:56.839] [INFO] pomelo - [32m[/home/roo/Downloads/cccGame-master/server/game-server/node_modules/pomelo/lib/application.js] [39m"niuniu-server-1" enter after start...
[2017-08-05 00:03:56.840] [INFO] pomelo - [32m[/home/roo/Downloads/cccGame-master/server/game-server/node_modules/pomelo/lib/application.js] [39m"niuniu-server-1" finish start
[2017-08-05 00:03:56.844] [INFO] pomelo - [32m[/home/roo/Downloads/cccGame-master/server/game-server/node_modules/pomelo/lib/application.js] [39m"niuniu-server-1" startup in 391 ms
[2017-08-05 00:05:34.864] [INFO] pomelo - [32m[/home/roo/Downloads/cccGame-master/server/game-server/node_modules/pomelo/lib/application.js] [39mapplication inited: "niuniu-server-1"
[2017-08-05 00:05:35.330] [INFO] pomelo - [32m[/home/roo/Downloads/cccGame-master/server/game-server/node_modules/pomelo/lib/application.js] [39m"niuniu-server-1" enter after start...
[2017-08-05 00:05:35.331] [INFO] pomelo - [32m[/home/roo/Downloads/cccGame-master/server/game-server/node_modules/pomelo/lib/application.js] [39m"niuniu-server-1" finish start
[2017-08-05 00:05:35.334] [INFO] pomelo - [32m[/home/roo/Downloads/cccGame-master/server/game-server/node_modules/pomelo/lib/application.js] [39m"niuniu-server-1" startup in 468 ms
[2017-08-05 00:05:55.904] [INFO] pomelo - [32m[/home/roo/Downloads/cccGame-master/server/game-server/node_modules/pomelo/lib/application.js] [39mapplication inited: "niuniu-server-1"
[2017-08-05 00:05:56.424] [INFO] pomelo - [32m[/home/roo/Downloads/cccGame-master/server/game-server/node_modules/pomelo/lib/application.js] [39m"niuniu-server-1" enter after start...
[2017-08-05 00:05:56.425] [INFO] pomelo - [32m[/home/roo/Downloads/cccGame-master/server/game-server/node_modules/pomelo/lib/application.js] [39m"niuniu-server-1" finish start
[2017-08-05 00:05:56.427] [INFO] pomelo - [32m[/home/roo/Downloads/cccGame-master/server/game-server/node_modules/pomelo/lib/application.js] [39m"niuniu-server-1" startup in 521 ms
[2017-08-05 00:06:29.242] [INFO] pomelo - [32m[/home/roo/Downloads/cccGame-master/server/game-server/node_modules/pomelo/lib/application.js] [39mapplication inited: "niuniu-server-1"
[2017-08-05 00:06:29.586] [INFO] pomelo - [32m[/home/roo/Downloads/cccGame-master/server/game-server/node_modules/pomelo/lib/application.js] [39m"niuniu-server-1" enter after start...
[2017-08-05 00:06:29.587] [INFO] pomelo - [32m[/home/roo/Downloads/cccGame-master/server/game-server/node_modules/pomelo/lib/application.js] [39m"niuniu-server-1" finish start
[2017-08-05 00:06:29.590] [INFO] pomelo - [32m[/home/roo/Downloads/cccGame-master/server/game-server/node_modules/pomelo/lib/application.js] [39m"niuniu-server-1" startup in 328 ms
[2017-08-05 00:07:00.768] [INFO] pomelo - [32m[/home/roo/Downloads/cccGame-master/server/game-server/node_modules/pomelo/lib/application.js] [39mapplication inited: "niuniu-server-1"
[2017-08-05 00:07:01.103] [INFO] pomelo - [32m[/home/roo/Downloads/cccGame-master/server/game-server/node_modules/pomelo/lib/application.js] [39m"niuniu-server-1" enter after start...
[2017-08-05 00:07:01.106] [INFO] pomelo - [32m[/home/roo/Downloads/cccGame-master/server/game-server/node_modules/pomelo/lib/application.js] [39m"niuniu-server-1" finish start
[2017-08-05 00:07:01.109] [INFO] pomelo - [32m[/home/roo/Downloads/cccGame-master/server/game-server/node_modules/pomelo/lib/application.js] [39m"niuniu-server-1" startup in 340 ms
[2017-08-05 00:09:15.967] [INFO] pomelo - [32m[/home/roo/Downloads/cccGame-master/server/game-server/node_modules/pomelo/lib/application.js] [39mapplication inited: "niuniu-server-1"
[2017-08-05 00:09:16.270] [INFO] pomelo - [32m[/home/roo/Downloads/cccGame-master/server/game-server/node_modules/pomelo/lib/application.js] [39m"niuniu-server-1" enter after start...
[2017-08-05 00:09:16.271] [INFO] pomelo - [32m[/home/roo/Downloads/cccGame-master/server/game-server/node_modules/pomelo/lib/application.js] [39m"niuniu-server-1" finish start
[2017-08-05 00:09:16.274] [INFO] pomelo - [32m[/home/roo/Downloads/cccGame-master/server/game-server/node_modules/pomelo/lib/application.js] [39m"niuniu-server-1" startup in 293 ms
[2017-08-05 00:10:23.134] [INFO] pomelo - [32m[/home/roo/Downloads/cccGame-master/server/game-server/node_modules/pomelo/lib/application.js] [39mapplication inited: "niuniu-server-1"
[2017-08-05 00:10:23.492] [INFO] pomelo - [32m[/home/roo/Downloads/cccGame-master/server/game-server/node_modules/pomelo/lib/application.js] [39m"niuniu-server-1" enter after start...
[2017-08-05 00:10:23.493] [INFO] pomelo - [32m[/home/roo/Downloads/cccGame-master/server/game-server/node_modules/pomelo/lib/application.js] [39m"niuniu-server-1" finish start
[2017-08-05 00:10:23.496] [INFO] pomelo - [32m[/home/roo/Downloads/cccGame-master/server/game-server/node_modules/pomelo/lib/application.js] [39m"niuniu-server-1" startup in 361 ms
[2017-08-05 00:10:47.271] [INFO] pomelo - [32m[/home/roo/Downloads/cccGame-master/server/game-server/node_modules/pomelo/lib/application.js] [39mapplication inited: "niuniu-server-1"
[2017-08-05 00:10:47.627] [INFO] pomelo - [32m[/home/roo/Downloads/cccGame-master/server/game-server/node_modules/pomelo/lib/application.js] [39m"niuniu-server-1" enter after start...
[2017-08-05 00:10:47.628] [INFO] pomelo - [32m[/home/roo/Downloads/cccGame-master/server/game-server/node_modules/pomelo/lib/application.js] [39m"niuniu-server-1" finish start
[2017-08-05 00:10:47.632] [INFO] pomelo - [32m[/home/roo/Downloads/cccGame-master/server/game-server/node_modules/pomelo/lib/application.js] [39m"niuniu-server-1" startup in 359 ms
[2017-08-05 00:11:16.478] [INFO] pomelo - [32m[/home/roo/Downloads/cccGame-master/server/game-server/node_modules/pomelo/lib/application.js] [39mapplication inited: "niuniu-server-1"
[2017-08-05 00:11:17.097] [INFO] pomelo - [32m[/home/roo/Downloads/cccGame-master/server/game-server/node_modules/pomelo/lib/application.js] [39m"niuniu-server-1" enter after start...
[2017-08-05 00:11:17.098] [INFO] pomelo - [32m[/home/roo/Downloads/cccGame-master/server/game-server/node_modules/pomelo/lib/application.js] [39m"niuniu-server-1" finish start
[2017-08-05 00:11:17.102] [INFO] pomelo - [32m[/home/roo/Downloads/cccGame-master/server/game-server/node_modules/pomelo/lib/application.js] [39m"niuniu-server-1" startup in 622 ms
[2017-08-05 00:11:39.474] [INFO] pomelo - [32m[/home/roo/Downloads/cccGame-master/server/game-server/node_modules/pomelo/lib/application.js] [39mapplication inited: "niuniu-server-1"
[2017-08-05 00:11:40.157] [INFO] pomelo - [32m[/home/roo/Downloads/cccGame-master/server/game-server/node_modules/pomelo/lib/application.js] [39m"niuniu-server-1" enter after start...
[2017-08-05 00:11:40.159] [INFO] pomelo - [32m[/home/roo/Downloads/cccGame-master/server/game-server/node_modules/pomelo/lib/application.js] [39m"niuniu-server-1" finish start
[2017-08-05 00:11:40.173] [INFO] pomelo - [32m[/home/roo/Downloads/cccGame-master/server/game-server/node_modules/pomelo/lib/application.js] [39m"niuniu-server-1" startup in 694 ms
[2017-08-05 00:13:53.747] [INFO] pomelo - [32m[/home/roo/Downloads/cccGame-master/server/game-server/node_modules/pomelo/lib/application.js] [39mapplication inited: "niuniu-server-1"
[2017-08-05 00:13:54.422] [INFO] pomelo - [32m[/home/roo/Downloads/cccGame-master/server/game-server/node_modules/pomelo/lib/application.js] [39m"niuniu-server-1" enter after start...
[2017-08-05 00:13:54.423] [INFO] pomelo - [32m[/home/roo/Downloads/cccGame-master/server/game-server/node_modules/pomelo/lib/application.js] [39m"niuniu-server-1" finish start
[2017-08-05 00:13:54.426] [INFO] pomelo - [32m[/home/roo/Downloads/cccGame-master/server/game-server/node_modules/pomelo/lib/application.js] [39m"niuniu-server-1" startup in 677 ms
[2017-08-05 00:40:15.789] [INFO] pomelo - [32m[/home/roo/Downloads/cccGame-master/server/game-server/node_modules/pomelo/lib/application.js] [39mapplication inited: "niuniu-server-1"
[2017-08-05 00:40:16.328] [INFO] pomelo - [32m[/home/roo/Downloads/cccGame-master/server/game-server/node_modules/pomelo/lib/application.js] [39m"niuniu-server-1" enter after start...
[2017-08-05 00:40:16.329] [INFO] pomelo - [32m[/home/roo/Downloads/cccGame-master/server/game-server/node_modules/pomelo/lib/application.js] [39m"niuniu-server-1" finish start
[2017-08-05 00:40:16.332] [INFO] pomelo - [32m[/home/roo/Downloads/cccGame-master/server/game-server/node_modules/pomelo/lib/application.js] [39m"niuniu-server-1" startup in 527 ms
[2017-08-05 00:42:02.391] [INFO] pomelo - [32m[/home/roo/Downloads/cccGame-master/server/game-server/node_modules/pomelo/lib/application.js] [39mapplication inited: "niuniu-server-1"
[2017-08-05 00:42:02.968] [INFO] pomelo - [32m[/home/roo/Downloads/cccGame-master/server/game-server/node_modules/pomelo/lib/application.js] [39m"niuniu-server-1" enter after start...
[2017-08-05 00:42:02.969] [INFO] pomelo - [32m[/home/roo/Downloads/cccGame-master/server/game-server/node_modules/pomelo/lib/application.js] [39m"niuniu-server-1" finish start
[2017-08-05 00:42:02.972] [INFO] pomelo - [32m[/home/roo/Downloads/cccGame-master/server/game-server/node_modules/pomelo/lib/application.js] [39m"niuniu-server-1" startup in 579 ms
[2017-08-05 00:43:34.923] [INFO] pomelo - [32m[/home/roo/Downloads/cccGame-master/server/game-server/node_modules/pomelo/lib/application.js] [39mapplication inited: "niuniu-server-1"
[2017-08-05 00:43:35.522] [INFO] pomelo - [32m[/home/roo/Downloads/cccGame-master/server/game-server/node_modules/pomelo/lib/application.js] [39m"niuniu-server-1" enter after start...
[2017-08-05 00:43:35.523] [INFO] pomelo - [32m[/home/roo/Downloads/cccGame-master/server/game-server/node_modules/pomelo/lib/application.js] [39m"niuniu-server-1" finish start
[2017-08-05 00:43:35.526] [INFO] pomelo - [32m[/home/roo/Downloads/cccGame-master/server/game-server/node_modules/pomelo/lib/application.js] [39m"niuniu-server-1" startup in 601 ms
[2017-08-05 00:45:01.911] [INFO] pomelo - [32m[/home/roo/Downloads/cccGame-master/server/game-server/node_modules/pomelo/lib/application.js] [39mapplication inited: "niuniu-server-1"
[2017-08-05 00:45:02.484] [INFO] pomelo - [32m[/home/roo/Downloads/cccGame-master/server/game-server/node_modules/pomelo/lib/application.js] [39m"niuniu-server-1" enter after start...
[2017-08-05 00:45:02.485] [INFO] pomelo - [32m[/home/roo/Downloads/cccGame-master/server/game-server/node_modules/pomelo/lib/application.js] [39m"niuniu-server-1" finish start
[2017-08-05 00:45:02.489] [INFO] pomelo - [32m[/home/roo/Downloads/cccGame-master/server/game-server/node_modules/pomelo/lib/application.js] [39m"niuniu-server-1" startup in 577 ms
[2017-08-05 00:47:11.983] [INFO] pomelo - [32m[/home/roo/Downloads/cccGame-master/server/game-server/node_modules/pomelo/lib/application.js] [39mapplication inited: "niuniu-server-1"
[2017-08-05 00:47:12.771] [INFO] pomelo - [32m[/home/roo/Downloads/cccGame-master/server/game-server/node_modules/pomelo/lib/application.js] [39m"niuniu-server-1" enter after start...
[2017-08-05 00:47:12.771] [INFO] pomelo - [32m[/home/roo/Downloads/cccGame-master/server/game-server/node_modules/pomelo/lib/application.js] [39m"niuniu-server-1" finish start
[2017-08-05 00:47:12.776] [INFO] pomelo - [32m[/home/roo/Downloads/cccGame-master/server/game-server/node_modules/pomelo/lib/application.js] [39m"niuniu-server-1" startup in 792 ms
[2017-08-05 00:51:22.910] [INFO] pomelo - [32m[/home/roo/Downloads/cccGame-master/server/game-server/node_modules/pomelo/lib/application.js] [39mapplication inited: "niuniu-server-1"
[2017-08-05 00:51:23.778] [INFO] pomelo - [32m[/home/roo/Downloads/cccGame-master/server/game-server/node_modules/pomelo/lib/application.js] [39m"niuniu-server-1" enter after start...
[2017-08-05 00:51:23.778] [INFO] pomelo - [32m[/home/roo/Downloads/cccGame-master/server/game-server/node_modules/pomelo/lib/application.js] [39m"niuniu-server-1" finish start
[2017-08-05 00:51:23.801] [INFO] pomelo - [32m[/home/roo/Downloads/cccGame-master/server/game-server/node_modules/pomelo/lib/application.js] [39m"niuniu-server-1" startup in 889 ms
[2017-08-05 00:53:56.822] [INFO] pomelo - [32m[/home/roo/Downloads/cccGame-master/server/game-server/node_modules/pomelo/lib/application.js] [39mapplication inited: "niuniu-server-1"
[2017-08-05 00:53:57.724] [INFO] pomelo - [32m[/home/roo/Downloads/cccGame-master/server/game-server/node_modules/pomelo/lib/application.js] [39m"niuniu-server-1" enter after start...
[2017-08-05 00:53:57.725] [INFO] pomelo - [32m[/home/roo/Downloads/cccGame-master/server/game-server/node_modules/pomelo/lib/application.js] [39m"niuniu-server-1" finish start
[2017-08-05 00:53:57.731] [INFO] pomelo - [32m[/home/roo/Downloads/cccGame-master/server/game-server/node_modules/pomelo/lib/application.js] [39m"niuniu-server-1" startup in 857 ms
[2017-08-05 00:54:24.921] [INFO] pomelo - [32m[/home/roo/Downloads/cccGame-master/server/game-server/node_modules/pomelo/lib/application.js] [39mapplication inited: "niuniu-server-1"
[2017-08-05 00:54:25.570] [INFO] pomelo - [32m[/home/roo/Downloads/cccGame-master/server/game-server/node_modules/pomelo/lib/application.js] [39m"niuniu-server-1" enter after start...
[2017-08-05 00:54:25.576] [INFO] pomelo - [32m[/home/roo/Downloads/cccGame-master/server/game-server/node_modules/pomelo/lib/application.js] [39m"niuniu-server-1" finish start
[2017-08-05 00:54:25.598] [INFO] pomelo - [32m[/home/roo/Downloads/cccGame-master/server/game-server/node_modules/pomelo/lib/application.js] [39m"niuniu-server-1" startup in 676 ms
[2018-10-05 18:06:27.604] [INFO] pomelo - [32m[/Users/jianan/Documents/Core/GoldenFlower-creator-pomelo/server/game-server/node_modules/pomelo/lib/application.js] [39mapplication inited: "niuniu-server-1"
[2018-10-05 18:06:27.911] [INFO] pomelo - [32m[/Users/jianan/Documents/Core/GoldenFlower-creator-pomelo/server/game-server/node_modules/pomelo/lib/application.js] [39m"niuniu-server-1" enter after start...
[2018-10-05 18:06:27.913] [INFO] pomelo - [32m[/Users/jianan/Documents/Core/GoldenFlower-creator-pomelo/server/game-server/node_modules/pomelo/lib/application.js] [39m"niuniu-server-1" finish start
[2018-10-05 18:06:27.919] [INFO] pomelo - [32m[/Users/jianan/Documents/Core/GoldenFlower-creator-pomelo/server/game-server/node_modules/pomelo/lib/application.js] [39m"niuniu-server-1" startup in 308 ms
[2018-10-05 18:11:26.095] [INFO] pomelo - [32m[/Users/jianan/Documents/Core/GoldenFlower-creator-pomelo/server/game-server/node_modules/pomelo/lib/application.js] [39mapplication inited: "niuniu-server-1"
[2018-10-05 18:11:26.483] [INFO] pomelo - [32m[/Users/jianan/Documents/Core/GoldenFlower-creator-pomelo/server/game-server/node_modules/pomelo/lib/application.js] [39m"niuniu-server-1" enter after start...
[2018-10-05 18:11:26.485] [INFO] pomelo - [32m[/Users/jianan/Documents/Core/GoldenFlower-creator-pomelo/server/game-server/node_modules/pomelo/lib/application.js] [39m"niuniu-server-1" finish start
[2018-10-05 18:11:26.492] [INFO] pomelo - [32m[/Users/jianan/Documents/Core/GoldenFlower-creator-pomelo/server/game-server/node_modules/pomelo/lib/application.js] [39m"niuniu-server-1" startup in 389 ms
[2018-10-05 18:11:59.839] [INFO] pomelo - [32m[/Users/jianan/Documents/Core/GoldenFlower-creator-pomelo/server/game-server/node_modules/pomelo/lib/application.js] [39mapplication inited: "niuniu-server-1"
[2018-10-05 18:12:00.187] [INFO] pomelo - [32m[/Users/jianan/Documents/Core/GoldenFlower-creator-pomelo/server/game-server/node_modules/pomelo/lib/application.js] [39m"niuniu-server-1" enter after start...
[2018-10-05 18:12:00.189] [INFO] pomelo - [32m[/Users/jianan/Documents/Core/GoldenFlower-creator-pomelo/server/game-server/node_modules/pomelo/lib/application.js] [39m"niuniu-server-1" finish start
[2018-10-05 18:12:00.196] [INFO] pomelo - [32m[/Users/jianan/Documents/Core/GoldenFlower-creator-pomelo/server/game-server/node_modules/pomelo/lib/application.js] [39m"niuniu-server-1" startup in 350 ms
[2018-10-05 18:16:07.428] [INFO] pomelo - [32m[/Users/jianan/Documents/Core/GoldenFlower-creator-pomelo/server/game-server/node_modules/pomelo/lib/application.js] [39mapplication inited: "niuniu-server-1"
[2018-10-05 18:16:07.747] [INFO] pomelo - [32m[/Users/jianan/Documents/Core/GoldenFlower-creator-pomelo/server/game-server/node_modules/pomelo/lib/application.js] [39m"niuniu-server-1" enter after start...
[2018-10-05 18:16:07.749] [INFO] pomelo - [32m[/Users/jianan/Documents/Core/GoldenFlower-creator-pomelo/server/game-server/node_modules/pomelo/lib/application.js] [39m"niuniu-server-1" finish start
[2018-10-05 18:16:07.757] [INFO] pomelo - [32m[/Users/jianan/Documents/Core/GoldenFlower-creator-pomelo/server/game-server/node_modules/pomelo/lib/application.js] [39m"niuniu-server-1" startup in 323 ms
[2018-10-05 18:17:16.065] [INFO] pomelo - [32m[/Users/jianan/Documents/Core/GoldenFlower-creator-pomelo/server/game-server/node_modules/pomelo/lib/application.js] [39mapplication inited: "niuniu-server-1"
[2018-10-05 18:17:16.445] [INFO] pomelo - [32m[/Users/jianan/Documents/Core/GoldenFlower-creator-pomelo/server/game-server/node_modules/pomelo/lib/application.js] [39m"niuniu-server-1" enter after start...
[2018-10-05 18:17:16.447] [INFO] pomelo - [32m[/Users/jianan/Documents/Core/GoldenFlower-creator-pomelo/server/game-server/node_modules/pomelo/lib/application.js] [39m"niuniu-server-1" finish start
[2018-10-05 18:17:16.454] [INFO] pomelo - [32m[/Users/jianan/Documents/Core/GoldenFlower-creator-pomelo/server/game-server/node_modules/pomelo/lib/application.js] [39m"niuniu-server-1" startup in 383 ms
