[2017-01-04 22:53:21.802] [INFO] pomelo - [32m[/home/roo/Desktop/work/cccGame/server/game-server/node_modules/pomelo/lib/application.js] [39mapplication inited: "manager-server-1"
[2017-01-04 22:53:22.189] [INFO] pomelo - [32m[/home/roo/Desktop/work/cccGame/server/game-server/node_modules/pomelo/lib/application.js] [39m"manager-server-1" enter after start...
[2017-01-04 22:53:22.189] [INFO] pomelo - [32m[/home/roo/Desktop/work/cccGame/server/game-server/node_modules/pomelo/lib/application.js] [39m"manager-server-1" finish start
[2017-01-04 22:53:22.189] [INFO] pomelo - [32m[/home/roo/Desktop/work/cccGame/server/game-server/node_modules/pomelo/lib/application.js] [39m"manager-server-1" startup in 386 ms
[2017-01-04 22:54:52.072] [INFO] pomelo - [32m[/home/roo/Desktop/work/cccGame/server/game-server/node_modules/pomelo/lib/application.js] [39mapplication inited: "manager-server-1"
[2017-01-04 22:54:52.486] [INFO] pomelo - [32m[/home/roo/Desktop/work/cccGame/server/game-server/node_modules/pomelo/lib/application.js] [39m"manager-server-1" enter after start...
[2017-01-04 22:54:52.487] [INFO] pomelo - [32m[/home/roo/Desktop/work/cccGame/server/game-server/node_modules/pomelo/lib/application.js] [39m"manager-server-1" finish start
[2017-01-04 22:54:52.487] [INFO] pomelo - [32m[/home/roo/Desktop/work/cccGame/server/game-server/node_modules/pomelo/lib/application.js] [39m"manager-server-1" startup in 413 ms
[2017-01-04 22:55:12.924] [INFO] pomelo - [32m[/home/roo/Desktop/work/cccGame/server/game-server/node_modules/pomelo/lib/application.js] [39mapplication inited: "manager-server-1"
[2017-01-04 22:55:13.126] [INFO] pomelo - [32m[/home/roo/Desktop/work/cccGame/server/game-server/node_modules/pomelo/lib/application.js] [39m"manager-server-1" enter after start...
[2017-01-04 22:55:13.126] [INFO] pomelo - [32m[/home/roo/Desktop/work/cccGame/server/game-server/node_modules/pomelo/lib/application.js] [39m"manager-server-1" finish start
[2017-01-04 22:55:13.127] [INFO] pomelo - [32m[/home/roo/Desktop/work/cccGame/server/game-server/node_modules/pomelo/lib/application.js] [39m"manager-server-1" startup in 173 ms
[2017-01-04 22:55:25.580] [INFO] pomelo - [32m[/home/roo/Desktop/work/cccGame/server/game-server/node_modules/pomelo/lib/application.js] [39mapplication inited: "manager-server-1"
[2017-01-04 22:55:25.755] [INFO] pomelo - [32m[/home/roo/Desktop/work/cccGame/server/game-server/node_modules/pomelo/lib/application.js] [39m"manager-server-1" enter after start...
[2017-01-04 22:55:25.755] [INFO] pomelo - [32m[/home/roo/Desktop/work/cccGame/server/game-server/node_modules/pomelo/lib/application.js] [39m"manager-server-1" finish start
[2017-01-04 22:55:25.755] [INFO] pomelo - [32m[/home/roo/Desktop/work/cccGame/server/game-server/node_modules/pomelo/lib/application.js] [39m"manager-server-1" startup in 173 ms
[2017-03-04 21:34:27.882] [INFO] pomelo - [32m[/mnt/hgfs/server/game-server/node_modules/pomelo/lib/application.js] [39mapplication inited: "manager-server-1"
[2017-03-04 21:34:28.853] [INFO] pomelo - [32m[/mnt/hgfs/server/game-server/node_modules/pomelo/lib/application.js] [39m"manager-server-1" enter after start...
[2017-03-04 21:34:28.855] [INFO] pomelo - [32m[/mnt/hgfs/server/game-server/node_modules/pomelo/lib/application.js] [39m"manager-server-1" finish start
[2017-03-04 21:34:28.855] [INFO] pomelo - [32m[/mnt/hgfs/server/game-server/node_modules/pomelo/lib/application.js] [39m"manager-server-1" startup in 971 ms
[2017-03-04 21:57:54.434] [INFO] pomelo - [32m[/mnt/hgfs/server/game-server/node_modules/pomelo/lib/application.js] [39mapplication inited: "manager-server-1"
[2017-03-04 21:57:55.371] [INFO] pomelo - [32m[/mnt/hgfs/server/game-server/node_modules/pomelo/lib/application.js] [39m"manager-server-1" enter after start...
[2017-03-04 21:57:55.372] [INFO] pomelo - [32m[/mnt/hgfs/server/game-server/node_modules/pomelo/lib/application.js] [39m"manager-server-1" finish start
[2017-03-04 21:57:55.372] [INFO] pomelo - [32m[/mnt/hgfs/server/game-server/node_modules/pomelo/lib/application.js] [39m"manager-server-1" startup in 936 ms
[2017-03-04 22:00:22.297] [INFO] pomelo - [32m[/mnt/hgfs/server/game-server/node_modules/pomelo/lib/application.js] [39mapplication inited: "manager-server-1"
[2017-03-04 22:00:22.761] [INFO] pomelo - [32m[/mnt/hgfs/server/game-server/node_modules/pomelo/lib/application.js] [39m"manager-server-1" enter after start...
[2017-03-04 22:00:22.762] [INFO] pomelo - [32m[/mnt/hgfs/server/game-server/node_modules/pomelo/lib/application.js] [39m"manager-server-1" finish start
[2017-03-04 22:00:22.762] [INFO] pomelo - [32m[/mnt/hgfs/server/game-server/node_modules/pomelo/lib/application.js] [39m"manager-server-1" startup in 463 ms
[2017-03-04 22:00:57.476] [INFO] pomelo - [32m[/mnt/hgfs/server/game-server/node_modules/pomelo/lib/application.js] [39mapplication inited: "manager-server-1"
[2017-03-04 22:00:58.264] [INFO] pomelo - [32m[/mnt/hgfs/server/game-server/node_modules/pomelo/lib/application.js] [39m"manager-server-1" enter after start...
[2017-03-04 22:00:58.265] [INFO] pomelo - [32m[/mnt/hgfs/server/game-server/node_modules/pomelo/lib/application.js] [39m"manager-server-1" finish start
[2017-03-04 22:00:58.265] [INFO] pomelo - [32m[/mnt/hgfs/server/game-server/node_modules/pomelo/lib/application.js] [39m"manager-server-1" startup in 785 ms
[2017-03-04 22:01:34.494] [INFO] pomelo - [32m[/mnt/hgfs/server/game-server/node_modules/pomelo/lib/application.js] [39mapplication inited: "manager-server-1"
[2017-03-04 22:01:34.904] [INFO] pomelo - [32m[/mnt/hgfs/server/game-server/node_modules/pomelo/lib/application.js] [39m"manager-server-1" enter after start...
[2017-03-04 22:01:34.904] [INFO] pomelo - [32m[/mnt/hgfs/server/game-server/node_modules/pomelo/lib/application.js] [39m"manager-server-1" finish start
[2017-03-04 22:01:34.904] [INFO] pomelo - [32m[/mnt/hgfs/server/game-server/node_modules/pomelo/lib/application.js] [39m"manager-server-1" startup in 408 ms
[2017-03-04 22:16:06.348] [INFO] pomelo - [32m[/mnt/hgfs/server/game-server/node_modules/pomelo/lib/application.js] [39mapplication inited: "manager-server-1"
[2017-03-04 22:16:06.776] [INFO] pomelo - [32m[/mnt/hgfs/server/game-server/node_modules/pomelo/lib/application.js] [39m"manager-server-1" enter after start...
[2017-03-04 22:16:06.778] [INFO] pomelo - [32m[/mnt/hgfs/server/game-server/node_modules/pomelo/lib/application.js] [39m"manager-server-1" finish start
[2017-03-04 22:16:06.778] [INFO] pomelo - [32m[/mnt/hgfs/server/game-server/node_modules/pomelo/lib/application.js] [39m"manager-server-1" startup in 428 ms
[2017-03-04 22:18:03.532] [INFO] pomelo - [32m[/mnt/hgfs/server/game-server/node_modules/pomelo/lib/application.js] [39mapplication inited: "manager-server-1"
[2017-03-04 22:18:04.357] [INFO] pomelo - [32m[/mnt/hgfs/server/game-server/node_modules/pomelo/lib/application.js] [39m"manager-server-1" enter after start...
[2017-03-04 22:18:04.359] [INFO] pomelo - [32m[/mnt/hgfs/server/game-server/node_modules/pomelo/lib/application.js] [39m"manager-server-1" finish start
[2017-03-04 22:18:04.359] [INFO] pomelo - [32m[/mnt/hgfs/server/game-server/node_modules/pomelo/lib/application.js] [39m"manager-server-1" startup in 826 ms
[2017-03-04 22:18:48.896] [INFO] pomelo - [32m[/mnt/hgfs/server/game-server/node_modules/pomelo/lib/application.js] [39mapplication inited: "manager-server-1"
[2017-03-04 22:18:49.271] [INFO] pomelo - [32m[/mnt/hgfs/server/game-server/node_modules/pomelo/lib/application.js] [39m"manager-server-1" enter after start...
[2017-03-04 22:18:49.272] [INFO] pomelo - [32m[/mnt/hgfs/server/game-server/node_modules/pomelo/lib/application.js] [39m"manager-server-1" finish start
[2017-03-04 22:18:49.272] [INFO] pomelo - [32m[/mnt/hgfs/server/game-server/node_modules/pomelo/lib/application.js] [39m"manager-server-1" startup in 374 ms
[2017-03-04 22:20:53.685] [INFO] pomelo - [32m[/mnt/hgfs/server/game-server/node_modules/pomelo/lib/application.js] [39mapplication inited: "manager-server-1"
[2017-03-04 22:20:54.500] [INFO] pomelo - [32m[/mnt/hgfs/server/game-server/node_modules/pomelo/lib/application.js] [39m"manager-server-1" enter after start...
[2017-03-04 22:20:54.502] [INFO] pomelo - [32m[/mnt/hgfs/server/game-server/node_modules/pomelo/lib/application.js] [39m"manager-server-1" finish start
[2017-03-04 22:20:54.503] [INFO] pomelo - [32m[/mnt/hgfs/server/game-server/node_modules/pomelo/lib/application.js] [39m"manager-server-1" startup in 803 ms
[2017-03-04 22:22:04.400] [INFO] pomelo - [32m[/mnt/hgfs/server/game-server/node_modules/pomelo/lib/application.js] [39mapplication inited: "manager-server-1"
[2017-03-04 22:22:04.766] [INFO] pomelo - [32m[/mnt/hgfs/server/game-server/node_modules/pomelo/lib/application.js] [39m"manager-server-1" enter after start...
[2017-03-04 22:22:04.766] [INFO] pomelo - [32m[/mnt/hgfs/server/game-server/node_modules/pomelo/lib/application.js] [39m"manager-server-1" finish start
[2017-03-04 22:22:04.766] [INFO] pomelo - [32m[/mnt/hgfs/server/game-server/node_modules/pomelo/lib/application.js] [39m"manager-server-1" startup in 363 ms
[2017-03-04 22:23:29.285] [INFO] pomelo - [32m[/mnt/hgfs/server/game-server/node_modules/pomelo/lib/application.js] [39mapplication inited: "manager-server-1"
[2017-03-04 22:23:30.233] [INFO] pomelo - [32m[/mnt/hgfs/server/game-server/node_modules/pomelo/lib/application.js] [39m"manager-server-1" enter after start...
[2017-03-04 22:23:30.235] [INFO] pomelo - [32m[/mnt/hgfs/server/game-server/node_modules/pomelo/lib/application.js] [39m"manager-server-1" finish start
[2017-03-04 22:23:30.235] [INFO] pomelo - [32m[/mnt/hgfs/server/game-server/node_modules/pomelo/lib/application.js] [39m"manager-server-1" startup in 908 ms
[2017-03-04 22:24:25.210] [INFO] pomelo - [32m[/mnt/hgfs/server/game-server/node_modules/pomelo/lib/application.js] [39mapplication inited: "manager-server-1"
[2017-03-04 22:24:26.043] [INFO] pomelo - [32m[/mnt/hgfs/server/game-server/node_modules/pomelo/lib/application.js] [39m"manager-server-1" enter after start...
[2017-03-04 22:24:26.045] [INFO] pomelo - [32m[/mnt/hgfs/server/game-server/node_modules/pomelo/lib/application.js] [39m"manager-server-1" finish start
[2017-03-04 22:24:26.045] [INFO] pomelo - [32m[/mnt/hgfs/server/game-server/node_modules/pomelo/lib/application.js] [39m"manager-server-1" startup in 833 ms
[2017-03-04 22:54:58.387] [INFO] pomelo - [32m[/mnt/hgfs/server/game-server/node_modules/pomelo/lib/application.js] [39mapplication inited: "manager-server-1"
[2017-03-04 22:54:58.765] [INFO] pomelo - [32m[/mnt/hgfs/server/game-server/node_modules/pomelo/lib/application.js] [39m"manager-server-1" enter after start...
[2017-03-04 22:54:58.765] [INFO] pomelo - [32m[/mnt/hgfs/server/game-server/node_modules/pomelo/lib/application.js] [39m"manager-server-1" finish start
[2017-03-04 22:54:58.765] [INFO] pomelo - [32m[/mnt/hgfs/server/game-server/node_modules/pomelo/lib/application.js] [39m"manager-server-1" startup in 374 ms
[2017-03-05 21:48:44.415] [INFO] pomelo - [32m[/mnt/hgfs/server/game-server/node_modules/pomelo/lib/application.js] [39mapplication inited: "manager-server-1"
[2017-03-05 21:48:45.170] [INFO] pomelo - [32m[/mnt/hgfs/server/game-server/node_modules/pomelo/lib/application.js] [39m"manager-server-1" enter after start...
[2017-03-05 21:48:45.171] [INFO] pomelo - [32m[/mnt/hgfs/server/game-server/node_modules/pomelo/lib/application.js] [39m"manager-server-1" finish start
[2017-03-05 21:48:45.171] [INFO] pomelo - [32m[/mnt/hgfs/server/game-server/node_modules/pomelo/lib/application.js] [39m"manager-server-1" startup in 752 ms
[2017-03-05 21:50:08.250] [INFO] pomelo - [32m[/mnt/hgfs/server/game-server/node_modules/pomelo/lib/application.js] [39mapplication inited: "manager-server-1"
[2017-03-05 21:50:09.199] [INFO] pomelo - [32m[/mnt/hgfs/server/game-server/node_modules/pomelo/lib/application.js] [39m"manager-server-1" enter after start...
[2017-03-05 21:50:09.199] [INFO] pomelo - [32m[/mnt/hgfs/server/game-server/node_modules/pomelo/lib/application.js] [39m"manager-server-1" finish start
[2017-03-05 21:50:09.200] [INFO] pomelo - [32m[/mnt/hgfs/server/game-server/node_modules/pomelo/lib/application.js] [39m"manager-server-1" startup in 942 ms
[2017-03-05 21:52:57.225] [INFO] pomelo - [32m[/mnt/hgfs/server/game-server/node_modules/pomelo/lib/application.js] [39mapplication inited: "manager-server-1"
[2017-03-05 21:52:58.113] [INFO] pomelo - [32m[/mnt/hgfs/server/game-server/node_modules/pomelo/lib/application.js] [39m"manager-server-1" enter after start...
[2017-03-05 21:52:58.113] [INFO] pomelo - [32m[/mnt/hgfs/server/game-server/node_modules/pomelo/lib/application.js] [39m"manager-server-1" finish start
[2017-03-05 21:52:58.113] [INFO] pomelo - [32m[/mnt/hgfs/server/game-server/node_modules/pomelo/lib/application.js] [39m"manager-server-1" startup in 872 ms
[2017-03-05 21:54:41.828] [INFO] pomelo - [32m[/mnt/hgfs/server/game-server/node_modules/pomelo/lib/application.js] [39mapplication inited: "manager-server-1"
[2017-03-05 21:54:42.849] [INFO] pomelo - [32m[/mnt/hgfs/server/game-server/node_modules/pomelo/lib/application.js] [39m"manager-server-1" enter after start...
[2017-03-05 21:54:42.850] [INFO] pomelo - [32m[/mnt/hgfs/server/game-server/node_modules/pomelo/lib/application.js] [39m"manager-server-1" finish start
[2017-03-05 21:54:42.850] [INFO] pomelo - [32m[/mnt/hgfs/server/game-server/node_modules/pomelo/lib/application.js] [39m"manager-server-1" startup in 1018 ms
[2017-03-05 22:53:07.291] [INFO] pomelo - [32m[/mnt/hgfs/server/game-server/node_modules/pomelo/lib/application.js] [39mapplication inited: "manager-server-1"
[2017-03-05 22:53:08.037] [INFO] pomelo - [32m[/mnt/hgfs/server/game-server/node_modules/pomelo/lib/application.js] [39m"manager-server-1" enter after start...
[2017-03-05 22:53:08.039] [INFO] pomelo - [32m[/mnt/hgfs/server/game-server/node_modules/pomelo/lib/application.js] [39m"manager-server-1" finish start
[2017-03-05 22:53:08.039] [INFO] pomelo - [32m[/mnt/hgfs/server/game-server/node_modules/pomelo/lib/application.js] [39m"manager-server-1" startup in 745 ms
