0 info it worked if it ends with ok
1 verbose cli [ 'node', '/usr/bin/npm', 'install', '-d' ]
2 info using npm@2.14.3
3 info using node@v0.10.33
4 verbose readDependencies loading dependencies from /mnt/hgfs/server/game-server/package.json
5 warn package.json server@0.0.1 No description
6 warn package.json server@0.0.1 No repository field.
7 warn package.json server@0.0.1 No README data
8 warn package.json server@0.0.1 No license field.
9 verbose install where, deps [ '/mnt/hgfs/server/game-server',
9 verbose install   [ 'pomelo',
9 verbose install     'pomelo-logger',
9 verbose install     'crc',
9 verbose install     'generic-pool',
9 verbose install     'pomelo-sync-plugin',
9 verbose install     'node-xlsx',
9 verbose install     'sanitizer',
9 verbose install     'mysql',
9 verbose install     'jsftp',
9 verbose install     'concat-stream',
9 verbose install     'async',
9 verbose install     'nodemailer',
9 verbose install     'urllib' ] ]
10 verbose install where, peers [ '/mnt/hgfs/server/game-server', [] ]
11 verbose installManyTop reading for lifecycle /mnt/hgfs/server/game-server/package.json
12 info preinstall server@0.0.1
13 verbose installManyTop reading scoped package data from /mnt/hgfs/server/game-server/node_modules/async/package.json
14 verbose installManyTop reading scoped package data from /mnt/hgfs/server/game-server/node_modules/concat-stream/package.json
15 verbose installManyTop reading scoped package data from /mnt/hgfs/server/game-server/node_modules/crc/package.json
16 verbose installManyTop reading scoped package data from /mnt/hgfs/server/game-server/node_modules/generic-pool/package.json
17 verbose installManyTop reading scoped package data from /mnt/hgfs/server/game-server/node_modules/jsftp/package.json
18 verbose installManyTop reading scoped package data from /mnt/hgfs/server/game-server/node_modules/mysql/package.json
19 verbose installManyTop reading scoped package data from /mnt/hgfs/server/game-server/node_modules/pomelo/package.json
20 verbose installManyTop reading scoped package data from /mnt/hgfs/server/game-server/node_modules/sanitizer/package.json
21 info package.json pomelo@1.2.0 No license field.
22 verbose readDependencies loading dependencies from /mnt/hgfs/server/game-server/package.json
23 verbose targetResolver reading package data from /mnt/hgfs/server/game-server/node_modules/async/package.json
24 verbose targetResolver reading package data from /mnt/hgfs/server/game-server/node_modules/concat-stream/package.json
25 verbose targetResolver reading package data from /mnt/hgfs/server/game-server/node_modules/crc/package.json
26 verbose targetResolver reading package data from /mnt/hgfs/server/game-server/node_modules/generic-pool/package.json
27 verbose targetResolver reading package data from /mnt/hgfs/server/game-server/node_modules/jsftp/package.json
28 verbose targetResolver reading package data from /mnt/hgfs/server/game-server/node_modules/mysql/package.json
29 verbose targetResolver reading package data from /mnt/hgfs/server/game-server/node_modules/pomelo/package.json
30 verbose targetResolver reading package data from /mnt/hgfs/server/game-server/node_modules/sanitizer/package.json
31 silly cache add args [ 'node-xlsx@=0.0.1', null ]
32 verbose cache add spec node-xlsx@=0.0.1
33 silly cache add parsed spec { raw: 'node-xlsx@=0.0.1',
33 silly cache add   scope: null,
33 silly cache add   name: 'node-xlsx',
33 silly cache add   rawSpec: '=0.0.1',
33 silly cache add   spec: '0.0.1',
33 silly cache add   type: 'version' }
34 silly addNamed node-xlsx@0.0.1
35 verbose addNamed "0.0.1" is a plain semver version for node-xlsx
36 silly mapToRegistry name node-xlsx
37 silly mapToRegistry using default registry
38 silly mapToRegistry registry https://registry.npmjs.org/
39 silly mapToRegistry uri https://registry.npmjs.org/node-xlsx
40 verbose addNameVersion registry:https://registry.npmjs.org/node-xlsx not in flight; fetching
41 silly cache add args [ 'sanitizer@=0.0.1', null ]
42 verbose cache add spec sanitizer@=0.0.1
43 silly cache add parsed spec { raw: 'sanitizer@=0.0.1',
43 silly cache add   scope: null,
43 silly cache add   name: 'sanitizer',
43 silly cache add   rawSpec: '=0.0.1',
43 silly cache add   spec: '0.0.1',
43 silly cache add   type: 'version' }
44 silly addNamed sanitizer@0.0.1
45 verbose addNamed "0.0.1" is a plain semver version for sanitizer
46 silly mapToRegistry name sanitizer
47 silly mapToRegistry using default registry
48 silly mapToRegistry registry https://registry.npmjs.org/
49 silly mapToRegistry uri https://registry.npmjs.org/sanitizer
50 verbose addNameVersion registry:https://registry.npmjs.org/sanitizer not in flight; fetching
51 silly cache add args [ 'mysql@=0.0.1', null ]
52 verbose cache add spec mysql@=0.0.1
53 silly cache add parsed spec { raw: 'mysql@=0.0.1',
53 silly cache add   scope: null,
53 silly cache add   name: 'mysql',
53 silly cache add   rawSpec: '=0.0.1',
53 silly cache add   spec: '0.0.1',
53 silly cache add   type: 'version' }
54 silly addNamed mysql@0.0.1
55 verbose addNamed "0.0.1" is a plain semver version for mysql
56 silly mapToRegistry name mysql
57 silly mapToRegistry using default registry
58 silly mapToRegistry registry https://registry.npmjs.org/
59 silly mapToRegistry uri https://registry.npmjs.org/mysql
60 verbose addNameVersion registry:https://registry.npmjs.org/mysql not in flight; fetching
61 silly cache add args [ 'jsftp@=0.0.1', null ]
62 verbose cache add spec jsftp@=0.0.1
63 silly cache add parsed spec { raw: 'jsftp@=0.0.1',
63 silly cache add   scope: null,
63 silly cache add   name: 'jsftp',
63 silly cache add   rawSpec: '=0.0.1',
63 silly cache add   spec: '0.0.1',
63 silly cache add   type: 'version' }
64 silly addNamed jsftp@0.0.1
65 verbose addNamed "0.0.1" is a plain semver version for jsftp
66 silly mapToRegistry name jsftp
67 silly mapToRegistry using default registry
68 silly mapToRegistry registry https://registry.npmjs.org/
69 silly mapToRegistry uri https://registry.npmjs.org/jsftp
70 verbose addNameVersion registry:https://registry.npmjs.org/jsftp not in flight; fetching
71 silly cache add args [ 'concat-stream@=0.0.1', null ]
72 verbose cache add spec concat-stream@=0.0.1
73 silly cache add parsed spec { raw: 'concat-stream@=0.0.1',
73 silly cache add   scope: null,
73 silly cache add   name: 'concat-stream',
73 silly cache add   rawSpec: '=0.0.1',
73 silly cache add   spec: '0.0.1',
73 silly cache add   type: 'version' }
74 silly addNamed concat-stream@0.0.1
75 verbose addNamed "0.0.1" is a plain semver version for concat-stream
76 silly mapToRegistry name concat-stream
77 silly mapToRegistry using default registry
78 silly mapToRegistry registry https://registry.npmjs.org/
79 silly mapToRegistry uri https://registry.npmjs.org/concat-stream
80 verbose addNameVersion registry:https://registry.npmjs.org/concat-stream not in flight; fetching
81 silly cache add args [ 'async@=0.0.1', null ]
82 verbose cache add spec async@=0.0.1
83 silly cache add parsed spec { raw: 'async@=0.0.1',
83 silly cache add   scope: null,
83 silly cache add   name: 'async',
83 silly cache add   rawSpec: '=0.0.1',
83 silly cache add   spec: '0.0.1',
83 silly cache add   type: 'version' }
84 silly addNamed async@0.0.1
85 verbose addNamed "0.0.1" is a plain semver version for async
86 silly mapToRegistry name async
87 silly mapToRegistry using default registry
88 silly mapToRegistry registry https://registry.npmjs.org/
89 silly mapToRegistry uri https://registry.npmjs.org/async
90 verbose addNameVersion registry:https://registry.npmjs.org/async not in flight; fetching
91 silly cache add args [ 'nodemailer@=0.7.1', null ]
92 verbose cache add spec nodemailer@=0.7.1
93 silly cache add parsed spec { raw: 'nodemailer@=0.7.1',
93 silly cache add   scope: null,
93 silly cache add   name: 'nodemailer',
93 silly cache add   rawSpec: '=0.7.1',
93 silly cache add   spec: '0.7.1',
93 silly cache add   type: 'version' }
94 silly addNamed nodemailer@0.7.1
95 verbose addNamed "0.7.1" is a plain semver version for nodemailer
96 silly mapToRegistry name nodemailer
97 silly mapToRegistry using default registry
98 silly mapToRegistry registry https://registry.npmjs.org/
99 silly mapToRegistry uri https://registry.npmjs.org/nodemailer
100 verbose addNameVersion registry:https://registry.npmjs.org/nodemailer not in flight; fetching
101 silly cache add args [ 'urllib@=2.9.1', null ]
102 verbose cache add spec urllib@=2.9.1
103 silly cache add parsed spec { raw: 'urllib@=2.9.1',
103 silly cache add   scope: null,
103 silly cache add   name: 'urllib',
103 silly cache add   rawSpec: '=2.9.1',
103 silly cache add   spec: '2.9.1',
103 silly cache add   type: 'version' }
104 silly addNamed urllib@2.9.1
105 verbose addNamed "2.9.1" is a plain semver version for urllib
106 silly mapToRegistry name urllib
107 silly mapToRegistry using default registry
108 silly mapToRegistry registry https://registry.npmjs.org/
109 silly mapToRegistry uri https://registry.npmjs.org/urllib
110 verbose addNameVersion registry:https://registry.npmjs.org/urllib not in flight; fetching
111 verbose already installed skipping pomelo@1.2.0 /mnt/hgfs/server/game-server
112 silly cache add args [ 'pomelo-logger@=0.0.3', null ]
113 verbose cache add spec pomelo-logger@=0.0.3
114 silly cache add parsed spec { raw: 'pomelo-logger@=0.0.3',
114 silly cache add   scope: null,
114 silly cache add   name: 'pomelo-logger',
114 silly cache add   rawSpec: '=0.0.3',
114 silly cache add   spec: '0.0.3',
114 silly cache add   type: 'version' }
115 silly addNamed pomelo-logger@0.0.3
116 verbose addNamed "0.0.3" is a plain semver version for pomelo-logger
117 silly mapToRegistry name pomelo-logger
118 silly mapToRegistry using default registry
119 silly mapToRegistry registry https://registry.npmjs.org/
120 silly mapToRegistry uri https://registry.npmjs.org/pomelo-logger
121 verbose addNameVersion registry:https://registry.npmjs.org/pomelo-logger not in flight; fetching
122 silly cache add args [ 'crc@=0.0.1', null ]
123 verbose cache add spec crc@=0.0.1
124 silly cache add parsed spec { raw: 'crc@=0.0.1',
124 silly cache add   scope: null,
124 silly cache add   name: 'crc',
124 silly cache add   rawSpec: '=0.0.1',
124 silly cache add   spec: '0.0.1',
124 silly cache add   type: 'version' }
125 silly addNamed crc@0.0.1
126 verbose addNamed "0.0.1" is a plain semver version for crc
127 silly mapToRegistry name crc
128 silly mapToRegistry using default registry
129 silly mapToRegistry registry https://registry.npmjs.org/
130 silly mapToRegistry uri https://registry.npmjs.org/crc
131 verbose addNameVersion registry:https://registry.npmjs.org/crc not in flight; fetching
132 silly cache add args [ 'generic-pool@=1.0.9', null ]
133 verbose cache add spec generic-pool@=1.0.9
134 silly cache add parsed spec { raw: 'generic-pool@=1.0.9',
134 silly cache add   scope: null,
134 silly cache add   name: 'generic-pool',
134 silly cache add   rawSpec: '=1.0.9',
134 silly cache add   spec: '1.0.9',
134 silly cache add   type: 'version' }
135 silly addNamed generic-pool@1.0.9
136 verbose addNamed "1.0.9" is a plain semver version for generic-pool
137 silly mapToRegistry name generic-pool
138 silly mapToRegistry using default registry
139 silly mapToRegistry registry https://registry.npmjs.org/
140 silly mapToRegistry uri https://registry.npmjs.org/generic-pool
141 verbose addNameVersion registry:https://registry.npmjs.org/generic-pool not in flight; fetching
142 silly cache add args [ 'pomelo-sync-plugin@=0.0.1', null ]
143 verbose cache add spec pomelo-sync-plugin@=0.0.1
144 silly cache add parsed spec { raw: 'pomelo-sync-plugin@=0.0.1',
144 silly cache add   scope: null,
144 silly cache add   name: 'pomelo-sync-plugin',
144 silly cache add   rawSpec: '=0.0.1',
144 silly cache add   spec: '0.0.1',
144 silly cache add   type: 'version' }
145 silly addNamed pomelo-sync-plugin@0.0.1
146 verbose addNamed "0.0.1" is a plain semver version for pomelo-sync-plugin
147 silly mapToRegistry name pomelo-sync-plugin
148 silly mapToRegistry using default registry
149 silly mapToRegistry registry https://registry.npmjs.org/
150 silly mapToRegistry uri https://registry.npmjs.org/pomelo-sync-plugin
151 verbose addNameVersion registry:https://registry.npmjs.org/pomelo-sync-plugin not in flight; fetching
152 verbose request uri https://registry.npmjs.org/node-xlsx
153 verbose request no auth needed
154 info attempt registry request try #1 at 21:21:02
155 verbose request id b97dddcaceb0cf4c
156 verbose etag W/"5886ae7b-4eb9"
157 verbose lastModified Tue, 24 Jan 2017 01:31:39 GMT
158 http request GET https://registry.npmjs.org/node-xlsx
159 verbose request uri https://registry.npmjs.org/sanitizer
160 verbose request no auth needed
161 info attempt registry request try #1 at 21:21:02
162 verbose etag W/"5852d1c9-486c"
163 verbose lastModified Thu, 15 Dec 2016 17:24:25 GMT
164 http request GET https://registry.npmjs.org/sanitizer
165 verbose request uri https://registry.npmjs.org/mysql
166 verbose request no auth needed
167 info attempt registry request try #1 at 21:21:02
168 verbose etag W/"58ba14ae-21dbe"
169 verbose lastModified Sat, 04 Mar 2017 01:13:18 GMT
170 http request GET https://registry.npmjs.org/mysql
171 verbose request uri https://registry.npmjs.org/jsftp
172 verbose request no auth needed
173 info attempt registry request try #1 at 21:21:02
174 verbose etag W/"58a07ede-1873b"
175 verbose lastModified Sun, 12 Feb 2017 15:27:26 GMT
176 http request GET https://registry.npmjs.org/jsftp
177 verbose request uri https://registry.npmjs.org/concat-stream
178 verbose request no auth needed
179 info attempt registry request try #1 at 21:21:02
180 verbose etag W/"58b34a89-a8e1"
181 verbose lastModified Sun, 26 Feb 2017 21:37:13 GMT
182 http request GET https://registry.npmjs.org/concat-stream
183 verbose request uri https://registry.npmjs.org/async
184 verbose request no auth needed
185 info attempt registry request try #1 at 21:21:02
186 verbose etag W/"58b85489-1e0a7"
187 verbose lastModified Thu, 02 Mar 2017 17:21:13 GMT
188 http request GET https://registry.npmjs.org/async
189 verbose request uri https://registry.npmjs.org/nodemailer
190 verbose request no auth needed
191 info attempt registry request try #1 at 21:21:02
192 verbose etag W/"58b3f221-3b507"
193 verbose lastModified Mon, 27 Feb 2017 09:32:17 GMT
194 http request GET https://registry.npmjs.org/nodemailer
195 verbose request uri https://registry.npmjs.org/urllib
196 verbose request no auth needed
197 info attempt registry request try #1 at 21:21:02
198 verbose etag W/"58b4300c-404c4"
199 verbose lastModified Mon, 27 Feb 2017 13:56:28 GMT
200 http request GET https://registry.npmjs.org/urllib
201 verbose request uri https://registry.npmjs.org/pomelo-logger
202 verbose request no auth needed
203 info attempt registry request try #1 at 21:21:02
204 verbose etag W/"569f4e64-2ccb"
205 verbose lastModified Wed, 20 Jan 2016 09:07:48 GMT
206 http request GET https://registry.npmjs.org/pomelo-logger
207 verbose request uri https://registry.npmjs.org/crc
208 verbose request no auth needed
209 info attempt registry request try #1 at 21:21:02
210 verbose etag W/"584ef9bd-65a8"
211 verbose lastModified Mon, 12 Dec 2016 19:25:49 GMT
212 http request GET https://registry.npmjs.org/crc
213 verbose request uri https://registry.npmjs.org/generic-pool
214 verbose request no auth needed
215 info attempt registry request try #1 at 21:21:02
216 verbose etag W/"589c7126-1bbd3"
217 verbose lastModified Thu, 09 Feb 2017 13:39:50 GMT
218 http request GET https://registry.npmjs.org/generic-pool
219 verbose request uri https://registry.npmjs.org/pomelo-sync-plugin
220 verbose request no auth needed
221 info attempt registry request try #1 at 21:21:02
222 verbose etag W/"53ff72ec-89d"
223 verbose lastModified Thu, 28 Aug 2014 18:20:28 GMT
224 http request GET https://registry.npmjs.org/pomelo-sync-plugin
225 http 304 https://registry.npmjs.org/node-xlsx
226 silly get cb [ 304,
226 silly get   { date: 'Sat, 04 Mar 2017 13:21:21 GMT',
226 silly get     via: '1.1 varnish',
226 silly get     'cache-control': 'max-age=300',
226 silly get     etag: 'W/"5886ae7b-4eb9"',
226 silly get     age: '139',
226 silly get     connection: 'keep-alive',
226 silly get     'x-served-by': 'cache-nrt6121-NRT',
226 silly get     'x-cache': 'HIT',
226 silly get     'x-cache-hits': '1',
226 silly get     'x-timer': 'S1488633681.512168,VS0,VE0',
226 silly get     vary: 'Accept-Encoding' } ]
227 verbose etag https://registry.npmjs.org/node-xlsx from cache
228 verbose get saving node-xlsx to /home/roo/.npm/registry.npmjs.org/node-xlsx/.cache.json
229 http 304 https://registry.npmjs.org/mysql
230 silly get cb [ 304,
230 silly get   { date: 'Sat, 04 Mar 2017 13:21:21 GMT',
230 silly get     via: '1.1 varnish',
230 silly get     'cache-control': 'max-age=300',
230 silly get     etag: 'W/"58ba14ae-21dbe"',
230 silly get     age: '138',
230 silly get     connection: 'keep-alive',
230 silly get     'x-served-by': 'cache-nrt6127-NRT',
230 silly get     'x-cache': 'HIT',
230 silly get     'x-cache-hits': '1',
230 silly get     'x-timer': 'S1488633681.527679,VS0,VE0',
230 silly get     vary: 'Accept-Encoding' } ]
231 verbose etag https://registry.npmjs.org/mysql from cache
232 verbose get saving mysql to /home/roo/.npm/registry.npmjs.org/mysql/.cache.json
233 http 304 https://registry.npmjs.org/async
234 silly get cb [ 304,
234 silly get   { date: 'Sat, 04 Mar 2017 13:21:21 GMT',
234 silly get     via: '1.1 varnish',
234 silly get     'cache-control': 'max-age=300',
234 silly get     etag: 'W/"58b85489-1e0a7"',
234 silly get     age: '28',
234 silly get     connection: 'keep-alive',
234 silly get     'x-served-by': 'cache-nrt6121-NRT',
234 silly get     'x-cache': 'HIT',
234 silly get     'x-cache-hits': '2',
234 silly get     'x-timer': 'S1488633681.625519,VS0,VE0',
234 silly get     vary: 'Accept-Encoding' } ]
235 verbose etag https://registry.npmjs.org/async from cache
236 verbose get saving async to /home/roo/.npm/registry.npmjs.org/async/.cache.json
237 http 304 https://registry.npmjs.org/sanitizer
238 silly get cb [ 304,
238 silly get   { date: 'Sat, 04 Mar 2017 13:21:21 GMT',
238 silly get     via: '1.1 varnish',
238 silly get     'cache-control': 'max-age=300',
238 silly get     etag: 'W/"5852d1c9-486c"',
238 silly get     age: '139',
238 silly get     connection: 'keep-alive',
238 silly get     'x-served-by': 'cache-nrt6122-NRT',
238 silly get     'x-cache': 'HIT',
238 silly get     'x-cache-hits': '1',
238 silly get     'x-timer': 'S1488633681.741736,VS0,VE0',
238 silly get     vary: 'Accept-Encoding' } ]
239 verbose etag https://registry.npmjs.org/sanitizer from cache
240 verbose get saving sanitizer to /home/roo/.npm/registry.npmjs.org/sanitizer/.cache.json
241 silly mapToRegistry name sanitizer
242 silly mapToRegistry using default registry
243 silly mapToRegistry registry https://registry.npmjs.org/
244 silly mapToRegistry uri https://registry.npmjs.org/sanitizer
245 verbose addRemoteTarball https://registry.npmjs.org/sanitizer/-/sanitizer-0.0.1.tgz not in flight; adding
246 verbose addRemoteTarball [ 'https://registry.npmjs.org/sanitizer/-/sanitizer-0.0.1.tgz',
246 verbose addRemoteTarball   '3bb14ad305e35a33241906c9041c694551b9f636' ]
247 info retry fetch attempt 1 at 21:21:08
248 info attempt registry request try #1 at 21:21:08
249 http fetch GET https://registry.npmjs.org/sanitizer/-/sanitizer-0.0.1.tgz
250 http 304 https://registry.npmjs.org/urllib
251 silly get cb [ 304,
251 silly get   { date: 'Sat, 04 Mar 2017 13:21:21 GMT',
251 silly get     via: '1.1 varnish',
251 silly get     'cache-control': 'max-age=300',
251 silly get     etag: 'W/"58b4300c-404c4"',
251 silly get     age: '145',
251 silly get     connection: 'keep-alive',
251 silly get     'x-served-by': 'cache-nrt6121-NRT',
251 silly get     'x-cache': 'HIT',
251 silly get     'x-cache-hits': '1',
251 silly get     'x-timer': 'S1488633681.737883,VS0,VE0',
251 silly get     vary: 'Accept-Encoding' } ]
252 verbose etag https://registry.npmjs.org/urllib from cache
253 verbose get saving urllib to /home/roo/.npm/registry.npmjs.org/urllib/.cache.json
254 silly cache afterAdd urllib@2.9.1
255 verbose afterAdd /home/roo/.npm/urllib/2.9.1/package/package.json not in flight; writing
256 verbose afterAdd /home/roo/.npm/urllib/2.9.1/package/package.json written
257 http 304 https://registry.npmjs.org/crc
258 silly get cb [ 304,
258 silly get   { date: 'Sat, 04 Mar 2017 13:21:21 GMT',
258 silly get     via: '1.1 varnish',
258 silly get     'cache-control': 'max-age=300',
258 silly get     etag: 'W/"584ef9bd-65a8"',
258 silly get     age: '1',
258 silly get     connection: 'keep-alive',
258 silly get     'x-served-by': 'cache-nrt6121-NRT',
258 silly get     'x-cache': 'HIT',
258 silly get     'x-cache-hits': '1',
258 silly get     'x-timer': 'S1488633681.848918,VS0,VE0',
258 silly get     vary: 'Accept-Encoding' } ]
259 verbose etag https://registry.npmjs.org/crc from cache
260 verbose get saving crc to /home/roo/.npm/registry.npmjs.org/crc/.cache.json
261 http 304 https://registry.npmjs.org/concat-stream
262 silly get cb [ 304,
262 silly get   { date: 'Sat, 04 Mar 2017 13:21:21 GMT',
262 silly get     via: '1.1 varnish',
262 silly get     'cache-control': 'max-age=300',
262 silly get     etag: 'W/"58b34a89-a8e1"',
262 silly get     age: '103',
262 silly get     connection: 'keep-alive',
262 silly get     'x-served-by': 'cache-nrt6125-NRT',
262 silly get     'x-cache': 'HIT',
262 silly get     'x-cache-hits': '1',
262 silly get     'x-timer': 'S1488633681.885268,VS0,VE0',
262 silly get     vary: 'Accept-Encoding' } ]
263 verbose etag https://registry.npmjs.org/concat-stream from cache
264 verbose get saving concat-stream to /home/roo/.npm/registry.npmjs.org/concat-stream/.cache.json
265 silly mapToRegistry name concat-stream
266 silly mapToRegistry using default registry
267 silly mapToRegistry registry https://registry.npmjs.org/
268 silly mapToRegistry uri https://registry.npmjs.org/concat-stream
269 verbose addRemoteTarball https://registry.npmjs.org/concat-stream/-/concat-stream-0.0.1.tgz not in flight; adding
270 verbose addRemoteTarball [ 'https://registry.npmjs.org/concat-stream/-/concat-stream-0.0.1.tgz',
270 verbose addRemoteTarball   '1b97f19f3d8749227d6908fefe68ad280f081a36' ]
271 info retry fetch attempt 1 at 21:21:08
272 info attempt registry request try #1 at 21:21:08
273 http fetch GET https://registry.npmjs.org/concat-stream/-/concat-stream-0.0.1.tgz
274 http 304 https://registry.npmjs.org/nodemailer
275 silly get cb [ 304,
275 silly get   { date: 'Sat, 04 Mar 2017 13:21:21 GMT',
275 silly get     via: '1.1 varnish',
275 silly get     'cache-control': 'max-age=300',
275 silly get     etag: 'W/"58b3f221-3b507"',
275 silly get     age: '135',
275 silly get     connection: 'keep-alive',
275 silly get     'x-served-by': 'cache-nrt6127-NRT',
275 silly get     'x-cache': 'HIT',
275 silly get     'x-cache-hits': '15',
275 silly get     'x-timer': 'S1488633681.960164,VS0,VE0',
275 silly get     vary: 'Accept-Encoding' } ]
276 verbose etag https://registry.npmjs.org/nodemailer from cache
277 verbose get saving nodemailer to /home/roo/.npm/registry.npmjs.org/nodemailer/.cache.json
278 silly cache afterAdd nodemailer@0.7.1
279 verbose afterAdd /home/roo/.npm/nodemailer/0.7.1/package/package.json not in flight; writing
280 verbose afterAdd /home/roo/.npm/nodemailer/0.7.1/package/package.json written
281 http 304 https://registry.npmjs.org/pomelo-sync-plugin
282 silly get cb [ 304,
282 silly get   { date: 'Sat, 04 Mar 2017 13:21:22 GMT',
282 silly get     via: '1.1 varnish',
282 silly get     'cache-control': 'max-age=300',
282 silly get     etag: 'W/"53ff72ec-89d"',
282 silly get     age: '140',
282 silly get     connection: 'keep-alive',
282 silly get     'x-served-by': 'cache-nrt6125-NRT',
282 silly get     'x-cache': 'HIT',
282 silly get     'x-cache-hits': '1',
282 silly get     'x-timer': 'S1488633682.003717,VS0,VE0',
282 silly get     vary: 'Accept-Encoding' } ]
283 verbose etag https://registry.npmjs.org/pomelo-sync-plugin from cache
284 verbose get saving pomelo-sync-plugin to /home/roo/.npm/registry.npmjs.org/pomelo-sync-plugin/.cache.json
285 http 304 https://registry.npmjs.org/jsftp
286 silly get cb [ 304,
286 silly get   { date: 'Sat, 04 Mar 2017 13:21:22 GMT',
286 silly get     via: '1.1 varnish',
286 silly get     'cache-control': 'max-age=300',
286 silly get     etag: 'W/"58a07ede-1873b"',
286 silly get     age: '139',
286 silly get     connection: 'keep-alive',
286 silly get     'x-served-by': 'cache-nrt6120-NRT',
286 silly get     'x-cache': 'HIT',
286 silly get     'x-cache-hits': '1',
286 silly get     'x-timer': 'S1488633682.062643,VS0,VE0',
286 silly get     vary: 'Accept-Encoding' } ]
287 verbose etag https://registry.npmjs.org/jsftp from cache
288 verbose get saving jsftp to /home/roo/.npm/registry.npmjs.org/jsftp/.cache.json
289 http 304 https://registry.npmjs.org/generic-pool
290 silly get cb [ 304,
290 silly get   { date: 'Sat, 04 Mar 2017 13:21:21 GMT',
290 silly get     via: '1.1 varnish',
290 silly get     'cache-control': 'max-age=300',
290 silly get     etag: 'W/"589c7126-1bbd3"',
290 silly get     age: '0',
290 silly get     connection: 'keep-alive',
290 silly get     'x-served-by': 'cache-nrt6121-NRT',
290 silly get     'x-cache': 'HIT',
290 silly get     'x-cache-hits': '1',
290 silly get     'x-timer': 'S1488633681.969013,VS0,VE135',
290 silly get     vary: 'Accept-Encoding' } ]
291 verbose etag https://registry.npmjs.org/generic-pool from cache
292 verbose get saving generic-pool to /home/roo/.npm/registry.npmjs.org/generic-pool/.cache.json
293 http 304 https://registry.npmjs.org/pomelo-logger
294 silly get cb [ 304,
294 silly get   { date: 'Sat, 04 Mar 2017 13:21:21 GMT',
294 silly get     via: '1.1 varnish',
294 silly get     'cache-control': 'max-age=300',
294 silly get     etag: 'W/"569f4e64-2ccb"',
294 silly get     age: '139',
294 silly get     connection: 'keep-alive',
294 silly get     'x-served-by': 'cache-nrt6122-NRT',
294 silly get     'x-cache': 'HIT',
294 silly get     'x-cache-hits': '1',
294 silly get     'x-timer': 'S1488633681.840499,VS0,VE0',
294 silly get     vary: 'Accept-Encoding' } ]
295 verbose etag https://registry.npmjs.org/pomelo-logger from cache
296 verbose get saving pomelo-logger to /home/roo/.npm/registry.npmjs.org/pomelo-logger/.cache.json
297 http fetch 200 https://registry.npmjs.org/sanitizer/-/sanitizer-0.0.1.tgz
298 silly mapToRegistry name pomelo-sync-plugin
299 silly mapToRegistry using default registry
300 silly mapToRegistry registry https://registry.npmjs.org/
301 silly mapToRegistry uri https://registry.npmjs.org/pomelo-sync-plugin
302 verbose addRemoteTarball https://registry.npmjs.org/pomelo-sync-plugin/-/pomelo-sync-plugin-0.0.1.tgz not in flight; adding
303 verbose addRemoteTarball [ 'https://registry.npmjs.org/pomelo-sync-plugin/-/pomelo-sync-plugin-0.0.1.tgz',
303 verbose addRemoteTarball   '0249121d3c19726733bb97e0d083882ed65537ea' ]
304 silly mapToRegistry name jsftp
305 silly mapToRegistry using default registry
306 silly mapToRegistry registry https://registry.npmjs.org/
307 silly mapToRegistry uri https://registry.npmjs.org/jsftp
308 verbose addRemoteTarball https://registry.npmjs.org/jsftp/-/jsftp-0.0.1.tgz not in flight; adding
309 verbose addRemoteTarball [ 'https://registry.npmjs.org/jsftp/-/jsftp-0.0.1.tgz',
309 verbose addRemoteTarball   'c516b049be2ca8656d86112182e15f7c059e9f3d' ]
310 silly mapToRegistry name generic-pool
311 silly mapToRegistry using default registry
312 silly mapToRegistry registry https://registry.npmjs.org/
313 silly mapToRegistry uri https://registry.npmjs.org/generic-pool
314 verbose addRemoteTarball https://registry.npmjs.org/generic-pool/-/generic-pool-1.0.9.tgz not in flight; adding
315 verbose addRemoteTarball [ 'https://registry.npmjs.org/generic-pool/-/generic-pool-1.0.9.tgz',
315 verbose addRemoteTarball   '04fac5d2a82134a28df1d81021c984e026235a41' ]
316 silly mapToRegistry name pomelo-logger
317 silly mapToRegistry using default registry
318 silly mapToRegistry registry https://registry.npmjs.org/
319 silly mapToRegistry uri https://registry.npmjs.org/pomelo-logger
320 verbose addRemoteTarball https://registry.npmjs.org/pomelo-logger/-/pomelo-logger-0.0.3.tgz not in flight; adding
321 verbose addRemoteTarball [ 'https://registry.npmjs.org/pomelo-logger/-/pomelo-logger-0.0.3.tgz',
321 verbose addRemoteTarball   '399dd85444231031e658ae07cbc0330f8b1b5f42' ]
322 info retry fetch attempt 1 at 21:21:08
323 info attempt registry request try #1 at 21:21:08
324 http fetch GET https://registry.npmjs.org/pomelo-sync-plugin/-/pomelo-sync-plugin-0.0.1.tgz
325 info retry fetch attempt 1 at 21:21:08
326 info attempt registry request try #1 at 21:21:08
327 http fetch GET https://registry.npmjs.org/jsftp/-/jsftp-0.0.1.tgz
328 info retry fetch attempt 1 at 21:21:08
329 info attempt registry request try #1 at 21:21:08
330 http fetch GET https://registry.npmjs.org/generic-pool/-/generic-pool-1.0.9.tgz
331 info retry fetch attempt 1 at 21:21:08
332 info attempt registry request try #1 at 21:21:08
333 http fetch GET https://registry.npmjs.org/pomelo-logger/-/pomelo-logger-0.0.3.tgz
334 http fetch 200 https://registry.npmjs.org/concat-stream/-/concat-stream-0.0.1.tgz
335 silly fetchAndShaCheck shasum 1b97f19f3d8749227d6908fefe68ad280f081a36
336 verbose addTmpTarball /tmp/npm-8199-71ec49e0/registry.npmjs.org/concat-stream/-/concat-stream-0.0.1.tgz not in flight; adding
337 verbose addTmpTarball already have metadata; skipping unpack for concat-stream@0.0.1
338 silly cache afterAdd concat-stream@0.0.1
339 verbose afterAdd /home/roo/.npm/concat-stream/0.0.1/package/package.json not in flight; writing
340 verbose afterAdd /home/roo/.npm/concat-stream/0.0.1/package/package.json written
341 silly fetchAndShaCheck shasum 3bb14ad305e35a33241906c9041c694551b9f636
342 verbose addTmpTarball /tmp/npm-8199-71ec49e0/registry.npmjs.org/sanitizer/-/sanitizer-0.0.1.tgz not in flight; adding
343 verbose addTmpTarball already have metadata; skipping unpack for sanitizer@0.0.1
344 silly cache afterAdd sanitizer@0.0.1
345 verbose afterAdd /home/roo/.npm/sanitizer/0.0.1/package/package.json not in flight; writing
346 verbose afterAdd /home/roo/.npm/sanitizer/0.0.1/package/package.json written
347 http fetch 200 https://registry.npmjs.org/pomelo-logger/-/pomelo-logger-0.0.3.tgz
348 silly fetchAndShaCheck shasum 399dd85444231031e658ae07cbc0330f8b1b5f42
349 verbose addTmpTarball /tmp/npm-8199-71ec49e0/registry.npmjs.org/pomelo-logger/-/pomelo-logger-0.0.3.tgz not in flight; adding
350 verbose addTmpTarball already have metadata; skipping unpack for pomelo-logger@0.0.3
351 silly cache afterAdd pomelo-logger@0.0.3
352 verbose afterAdd /home/roo/.npm/pomelo-logger/0.0.3/package/package.json not in flight; writing
353 verbose afterAdd /home/roo/.npm/pomelo-logger/0.0.3/package/package.json written
354 http fetch 200 https://registry.npmjs.org/pomelo-sync-plugin/-/pomelo-sync-plugin-0.0.1.tgz
355 silly fetchAndShaCheck shasum 0249121d3c19726733bb97e0d083882ed65537ea
356 verbose addTmpTarball /tmp/npm-8199-71ec49e0/registry.npmjs.org/pomelo-sync-plugin/-/pomelo-sync-plugin-0.0.1.tgz not in flight; adding
357 verbose addTmpTarball already have metadata; skipping unpack for pomelo-sync-plugin@0.0.1
358 silly cache afterAdd pomelo-sync-plugin@0.0.1
359 verbose afterAdd /home/roo/.npm/pomelo-sync-plugin/0.0.1/package/package.json not in flight; writing
360 verbose afterAdd /home/roo/.npm/pomelo-sync-plugin/0.0.1/package/package.json written
361 http fetch 200 https://registry.npmjs.org/generic-pool/-/generic-pool-1.0.9.tgz
362 silly fetchAndShaCheck shasum 04fac5d2a82134a28df1d81021c984e026235a41
363 verbose addTmpTarball /tmp/npm-8199-71ec49e0/registry.npmjs.org/generic-pool/-/generic-pool-1.0.9.tgz not in flight; adding
364 verbose addTmpTarball already have metadata; skipping unpack for generic-pool@1.0.9
365 silly cache afterAdd generic-pool@1.0.9
366 verbose afterAdd /home/roo/.npm/generic-pool/1.0.9/package/package.json not in flight; writing
367 verbose afterAdd /home/roo/.npm/generic-pool/1.0.9/package/package.json written
368 http fetch 200 https://registry.npmjs.org/jsftp/-/jsftp-0.0.1.tgz
369 silly fetchAndShaCheck shasum c516b049be2ca8656d86112182e15f7c059e9f3d
370 verbose addTmpTarball /tmp/npm-8199-71ec49e0/registry.npmjs.org/jsftp/-/jsftp-0.0.1.tgz not in flight; adding
371 verbose addTmpTarball already have metadata; skipping unpack for jsftp@0.0.1
372 silly cache afterAdd jsftp@0.0.1
373 verbose afterAdd /home/roo/.npm/jsftp/0.0.1/package/package.json not in flight; writing
374 verbose afterAdd /home/roo/.npm/jsftp/0.0.1/package/package.json written
375 verbose stack Error: version not found: node-xlsx@0.0.1
375 verbose stack     at setData (/usr/lib/node_modules/npm/lib/cache/add-named.js:137:12)
375 verbose stack     at RES (/usr/lib/node_modules/npm/node_modules/inflight/inflight.js:23:14)
375 verbose stack     at f (/usr/lib/node_modules/npm/node_modules/once/once.js:17:25)
375 verbose stack     at fixName (/usr/lib/node_modules/npm/lib/cache/add-named.js:29:5)
375 verbose stack     at saved (/usr/lib/node_modules/npm/lib/cache/caching-client.js:173:7)
375 verbose stack     at /usr/lib/node_modules/npm/node_modules/graceful-fs/polyfills.js:210:7
375 verbose stack     at Object.oncomplete (fs.js:107:15)
376 verbose statusCode 404
377 verbose cwd /mnt/hgfs/server/game-server
378 error Linux 3.10.0-327.22.2.el7.x86_64
379 error argv "node" "/usr/bin/npm" "install" "-d"
380 error node v0.10.33
381 error npm  v2.14.3
382 error version not found: node-xlsx@0.0.1
383 error If you need help, you may report this error at:
383 error     <https://github.com/npm/npm/issues>
384 verbose exit [ 1, true ]
